#
# A fatal error has been detected by the Java Runtime Environment:
#
#  EXCEPTION_ACCESS_VIOLATION (0xc0000005) at pc=0x000001a94651942c, pid=15816, tid=15604
#
# JRE version: OpenJDK Runtime Environment Temurin-21+35-202309042131 (21.0+35) (build 21-beta+35-ea)
# Java VM: OpenJDK 64-Bit Server VM Temurin-21+35-202309042131 (21-beta+35-ea, mixed mode, emulated-client, sharing, tiered, compressed oops, compressed class ptrs, g1 gc, windows-amd64)
# Problematic frame:
# v  ~BufferBlob::MethodHandles adapters 0x000001a94651942c
#
# No core dump will be written. Minidumps are not enabled by default on client versions of Windows
#
# If you would like to submit a bug report, please visit:
#   https://github.com/adoptium/adoptium-support/issues
#

---------------  S U M M A R Y ------------

Command Line: -XX:+ShowCodeDetailsInExceptionMessages -agentlib:jdwp=transport=dt_socket,suspend=y,address=localhost:55277 -Dcom.sun.management.jmxremote -Dcom.sun.management.jmxremote.port=55276 -Dcom.sun.management.jmxremote.authenticate=false -Dcom.sun.management.jmxremote.ssl=false -Djava.rmi.server.hostname=localhost -Dspring.jmx.enabled=true -Dmanagement.endpoints.jmx.exposure.include=* -Dspring.application.admin.enabled=true -XX:TieredStopAtLevel=1 -Dspring.boot.project.name=task-manager-app -javaagent:C:\pleiades\2023-09\eclipse\configuration\org.eclipse.osgi\302\0\.cp\lib\javaagent-shaded.jar -Dfile.encoding=UTF-8 -Dstdout.encoding=UTF-8 -Dstderr.encoding=UTF-8 katachi.spring.exercise.SpringTodoListApplication --spring.output.ansi.enabled=always

Host: 11th Gen Intel(R) Core(TM) i5-1135G7 @ 2.40GHz, 8 cores, 7G,  Windows 11 , 64 bit Build 22621 (10.0.22621.3958)
Time: Thu Sep 26 13:03:14 2024  Windows 11 , 64 bit Build 22621 (10.0.22621.3958) elapsed time: 4536.632093 seconds (0d 1h 15m 36s)

---------------  T H R E A D  ---------------

Current thread (0x000001a994c6fb60):  JavaThread "restartedMain"        [_thread_in_Java, id=15604, stack(0x0000008e38500000,0x0000008e38600000) (1024K)]

Stack: [0x0000008e38500000,0x0000008e38600000],  sp=0x0000008e385fde38,  free space=1015k
Native frames: (J=compiled Java code, j=interpreted, Vv=VM code, C=native code)
C  0x000001a94651942c

The last pc belongs to _linkToSpecial (printed below).

siginfo: EXCEPTION_ACCESS_VIOLATION (0xc0000005), reading address 0xffffffffffffffff


Registers:
RAX=0x000001a9464c9086, RBX=0x89e1ed8000000001, RCX=0x0000008e385fde40, RDX=0x0000000000000002
RSP=0x0000008e385fde38, RBP=0x0000008e385fde88, RSI=0x000001a9952e1978, RDI=0x000001a9964e8780
R8 =0x0000000000000004, R9 =0x0000000000000004, R10=0x00007ffa64a2c2c0, R11=0x000001a94f0b63d8
R12=0x0000000000000000, R13=0x0000008e385fde38, R14=0x0000008e385fdea8, R15=0x000001a994c6fb60
RIP=0x000001a94651942c, EFLAGS=0x0000000000010202


Register to memory mapping:

RAX=0x000001a9464c9086 is at code_begin+3078 in an Interpreter codelet
return entry points  [0x000001a9464c8480, 0x000001a9464ca298]  7704 bytes
RBX=0x89e1ed8000000001 is an unknown value
RCX=0x0000008e385fde40 is pointing into the stack for thread: 0x000001a994c6fb60
RDX=0x0000000000000002 is an unknown value
RSP=0x0000008e385fde38 is pointing into the stack for thread: 0x000001a994c6fb60
RBP=0x0000008e385fde88 is pointing into the stack for thread: 0x000001a994c6fb60
RSI=0x000001a9952e1978 points into unknown readable memory: 0x0006000000180002 | 02 00 18 00 00 00 06 00
RDI=0x000001a9964e8780 points into unknown readable memory: 0x0000001800000070 | 70 00 00 00 18 00 00 00
R8 =0x0000000000000004 is an unknown value
R9 =0x0000000000000004 is an unknown value
R10=0x00007ffa64a2c2c0 jvm.dll
R11={method} {0x000001a94f0b63e0} 'newInvokeSpecial' '(Ljava/lang/Object;)Ljava/lang/Object;' in 'java/lang/invoke/DirectMethodHandle$Holder'
R12=0x0 is null
R13=0x0000008e385fde38 is pointing into the stack for thread: 0x000001a994c6fb60
R14=0x0000008e385fdea8 is pointing into the stack for thread: 0x000001a994c6fb60
R15=0x000001a994c6fb60 is a thread

Top of Stack: (sp=0x0000008e385fde38)
0x0000008e385fde38:   000001a9464c9086 0000008e385fde40
0x0000008e385fde48:   000001a94f72c72f 0000000000000004
0x0000008e385fde58:   000001a94f0b1890 000000008780cf08
0x0000008e385fde68:   00000000849126f0 000001a94f0b63d8
0x0000008e385fde78:   0000008e385fde38 0000008e385fdeb0
0x0000008e385fde88:   0000008e385feea8 000001a946884b03
0x0000008e385fde98:   0000000089e1ec88 0000000089e1ed30
0x0000008e385fdea8:   0000000089e1ece8 0000000089e1ea98
0x0000008e385fdeb8:   0000008e385fb620 0000008e385feea8
0x0000008e385fdec8:   000001a946e9570c 000001a9945402e0
0x0000008e385fded8:   00007ffa642ee9fe 000001a94e9cde80
0x0000008e385fdee8:   000001a996ef09e0 0000000000000000
0x0000008e385fdef8:   0000000000000000 000001a9945402e0
0x0000008e385fdf08:   00007ffaa14844ea 00007ffaa1492a50
0x0000008e385fdf18:   000001a94e9cde80 000001a9954d20a0
0x0000008e385fdf28:   0000000084a90020 000000008780cf08
0x0000008e385fdf38:   0000000089e1e960 0000000089e1e960
0x0000008e385fdf48:   0000000089e1ea98 0000000089e1ed18
0x0000008e385fdf58:   0000000089e1eaf0 000000008780cf08
0x0000008e385fdf68:   0000000000000001 0000008e385feea8
0x0000008e385fdf78:   000001a900000000 0000000000000000
0x0000008e385fdf88:   0000000000000000 0000000089e1ece8
0x0000008e385fdf98:   000001a946882ddc 0000000000000000
0x0000008e385fdfa8:   0000000000000000 0000000000000000
0x0000008e385fdfb8:   000001a9908c1f00 000001a994c6fb60
0x0000008e385fdfc8:   0000000000000000 0000000089e1ea98
0x0000008e385fdfd8:   0000000000000000 0000000089e1e960
0x0000008e385fdfe8:   0000000089e1ed18 0000000089e1ea98
0x0000008e385fdff8:   0000000000000000 00000000876dbd00
0x0000008e385fe008:   000001a946884034 0000008e385feea8
0x0000008e385fe018:   000001a94687e26a 0000000000000000
0x0000008e385fe028:   000001a9467d2429 0000000000000000 

Instructions: (pc=0x000001a94651942c)
0x000001a94651932c:   8b 59 14 8b 5b 28 8b 5b 24 48 8b 5b 10 48 85 db
0x000001a94651933c:   0f 84 10 00 00 00 41 80 bf e0 05 00 00 00 74 03
0x000001a94651934c:   ff 63 38 ff 63 50 e9 a9 f6 ff ff 66 0f 1f 84 00
0x000001a94651935c:   00 00 00 00 48 8b 53 08 0f b7 52 2e 48 8b 0c d4
0x000001a94651936c:   58 5b 50 44 8b 51 08 49 bb 00 00 00 4f a9 01 00
0x000001a94651937c:   00 4d 03 d3 4c 8b 5b 10 4b 8b 9c da c8 01 00 00
0x000001a94651938c:   48 85 db 0f 84 10 00 00 00 41 80 bf e0 05 00 00
0x000001a94651939c:   00 74 03 ff 63 38 ff 63 50 e9 56 f6 ff ff 66 66
0x000001a9465193ac:   66 0f 1f 84 00 00 00 00 00 66 66 66 90 0f 1f 80
0x000001a9465193bc:   00 00 00 00 58 5b 50 8b 5b 24 48 8b 5b 10 48 85
0x000001a9465193cc:   db 0f 84 10 00 00 00 41 80 bf e0 05 00 00 00 74
0x000001a9465193dc:   03 ff 63 38 ff 63 50 e9 18 f6 ff ff 66 66 66 0f
0x000001a9465193ec:   1f 84 00 00 00 00 00 66 66 66 90 66 0f 1f 84 00
0x000001a9465193fc:   00 00 00 00 48 8b 53 08 0f b7 52 2e 48 8b 0c d4
0x000001a94651940c:   58 5b 50 48 3b 01 8b 5b 24 48 8b 5b 10 48 85 db
0x000001a94651941c:   0f 84 10 00 00 00 41 80 bf e0 05 00 00 00 74 03
0x000001a94651942c:   ff 63 38 ff 63 50 e9 c9 f5 ff ff 66 0f 1f 84 00
0x000001a94651943c:   00 00 00 00 48 8b 53 08 0f b7 52 2e 48 8b 0c d4
0x000001a94651944c:   58 5b 50 44 8b 51 08 49 bb 00 00 00 4f a9 01 00
0x000001a94651945c:   00 4d 03 d3 8b 43 18 48 8b 40 10 48 8b 5b 10 45
0x000001a94651946c:   8b 9a a0 00 00 00 4f 8d 9c da c8 01 00 00 4d 8d
0x000001a94651947c:   14 da 49 8b 1b 48 3b c3 74 15 48 85 db 0f 84 32
0x000001a94651948c:   00 00 00 49 83 c3 10 49 8b 1b 48 3b c3 75 eb 45
0x000001a94651949c:   8b 5b 08 4b 8b 1c 1a 48 85 db 0f 84 10 00 00 00
0x000001a9465194ac:   41 80 bf e0 05 00 00 00 74 03 ff 63 38 ff 63 50
0x000001a9465194bc:   e9 3f f5 ff ff e9 3a f8 ff ff f4 00 00 00 00 00
0x000001a9465194cc:   00 00 00 00 00 00 00 00 00 00 00 00 00 00 00 00
0x000001a9465194dc:   00 00 00 00 00 00 00 00 00 00 00 00 00 00 00 00
0x000001a9465194ec:   00 00 00 00 00 00 00 00 00 00 00 00 00 00 00 00
0x000001a9465194fc:   00 00 00 00 00 00 00 00 00 00 00 00 00 00 00 00
0x000001a94651950c:   00 00 00 00 00 00 00 00 00 00 00 00 00 00 00 00
0x000001a94651951c:   00 00 00 00 00 00 00 00 00 00 00 00 00 00 00 00 


Stack slot to memory mapping:

stack at sp + 0 slots: 0x000001a9464c9086 is at code_begin+3078 in an Interpreter codelet
return entry points  [0x000001a9464c8480, 0x000001a9464ca298]  7704 bytes
stack at sp + 1 slots: 0x0000008e385fde40 is pointing into the stack for thread: 0x000001a994c6fb60
stack at sp + 2 slots: 0x000001a94f72c72f is pointing into metadata
stack at sp + 3 slots: 0x0000000000000004 is an unknown value
stack at sp + 4 slots: 0x000001a94f0b1890 is pointing into metadata
stack at sp + 5 slots: 0x000000008780cf08 is an oop: java.lang.Class 
{0x000000008780cf08} - klass: 'java/lang/Class'
 - ---- fields (total size 14 words):
 - private volatile transient 'classRedefinedCount' 'I' @12  1 (0x00000001)
 - injected 'klass' 'J' @16  1826712308768 (0x000001a95089cc20)
 - injected 'array_klass' 'J' @24  0 (0x0000000000000000)
 - injected 'oop_size' 'I' @32  14 (0x0000000e)
 - injected 'static_oop_field_count' 'I' @36  0 (0x00000000)
 - private volatile transient 'cachedConstructor' 'Ljava/lang/reflect/Constructor;' @40  null (0x00000000)
 - private transient 'name' 'Ljava/lang/String;' @44  "katachi.spring.exercise.aspect.GlobalContorollAdvice"{0x000000008780f2b8} (0x8780f2b8)
 - private transient 'module' 'Ljava/lang/Module;' @48  a 'java/lang/Module'{0x0000000087847e00} (0x87847e00)
 - private final 'classLoader' 'Ljava/lang/ClassLoader;' @52  a 'org/springframework/boot/devtools/restart/classloader/RestartClassLoader'{0x00000000878177d8} (0x878177d8)
 - private transient 'classData' 'Ljava/lang/Object;' @56  null (0x00000000)
 - private transient 'packageName' 'Ljava/lang/String;' @60  "katachi.spring.exercise.aspect"{0x00000000850bf420} (0x850bf420)
 - private final 'componentType' 'Ljava/lang/Class;' @64  null (0x00000000)
 - private volatile transient 'reflectionData' 'Ljava/lang/ref/SoftReference;' @68  a 'java/lang/ref/SoftReference'{0x000000008780f318} (0x8780f318)
 - private volatile transient 'genericInfo' 'Lsun/reflect/generics/repository/ClassRepository;' @72  null (0x00000000)
 - private volatile transient 'enumConstants' '[Ljava/lang/Object;' @76  null (0x00000000)
 - private volatile transient 'enumConstantDirectory' 'Ljava/util/Map;' @80  null (0x00000000)
 - private volatile transient 'annotationData' 'Ljava/lang/Class$AnnotationData;' @84  a 'java/lang/Class$AnnotationData'{0x000000008780f390} (0x8780f390)
 - private volatile transient 'annotationType' 'Lsun/reflect/annotation/AnnotationType;' @88  null (0x00000000)
 - transient 'classValueMap' 'Ljava/lang/ClassValue$ClassValueMap;' @92  null (0x00000000)
 - injected 'protection_domain' 'Ljava/lang/Object;' @96  a 'java/security/ProtectionDomain'{0x0000000087848608} (0x87848608)
 - injected 'signers_name' 'Ljava/lang/Object;' @100  null (0x00000000)
 - injected 'source_file' 'Ljava/lang/Object;' @104  null (0x00000000)
 - signature: Lkatachi/spring/exercise/aspect/GlobalContorollAdvice;
 - ---- static fields (0):
stack at sp + 6 slots: 0x00000000849126f0 is an oop: java.lang.Class 
{0x00000000849126f0} - klass: 'java/lang/Class'
 - ---- fields (total size 14 words):
 - private volatile transient 'classRedefinedCount' 'I' @12  0 (0x00000000)
 - injected 'klass' 'J' @16  1826687226976 (0x000001a94f0b1460)
 - injected 'array_klass' 'J' @24  0 (0x0000000000000000)
 - injected 'oop_size' 'I' @32  14 (0x0000000e)
 - injected 'static_oop_field_count' 'I' @36  0 (0x00000000)
 - private volatile transient 'cachedConstructor' 'Ljava/lang/reflect/Constructor;' @40  null (0x00000000)
 - private transient 'name' 'Ljava/lang/String;' @44  null (0x00000000)
 - private transient 'module' 'Ljava/lang/Module;' @48  a 'java/lang/Module'{0x00000000848d5fb0} (0x848d5fb0)
 - private final 'classLoader' 'Ljava/lang/ClassLoader;' @52  null (0x00000000)
 - private transient 'classData' 'Ljava/lang/Object;' @56  null (0x00000000)
 - private transient 'packageName' 'Ljava/lang/String;' @60  null (0x00000000)
 - private final 'componentType' 'Ljava/lang/Class;' @64  null (0x00000000)
 - private volatile transient 'reflectionData' 'Ljava/lang/ref/SoftReference;' @68  null (0x00000000)
 - private volatile transient 'genericInfo' 'Lsun/reflect/generics/repository/ClassRepository;' @72  null (0x00000000)
 - private volatile transient 'enumConstants' '[Ljava/lang/Object;' @76  null (0x00000000)
 - private volatile transient 'enumConstantDirectory' 'Ljava/util/Map;' @80  null (0x00000000)
 - private volatile transient 'annotationData' 'Ljava/lang/Class$AnnotationData;' @84  null (0x00000000)
 - private volatile transient 'annotationType' 'Lsun/reflect/annotation/AnnotationType;' @88  null (0x00000000)
 - transient 'classValueMap' 'Ljava/lang/ClassValue$ClassValueMap;' @92  null (0x00000000)
 - injected 'protection_domain' 'Ljava/lang/Object;' @96  null (0x00000000)
 - injected 'signers_name' 'Ljava/lang/Object;' @100  null (0x00000000)
 - injected 'source_file' 'Ljava/lang/Object;' @104  null (0x00000000)
 - signature: Ljava/lang/invoke/DirectMethodHandle$Holder;
 - ---- static fields (0):
stack at sp + 7 slots: {method} {0x000001a94f0b63e0} 'newInvokeSpecial' '(Ljava/lang/Object;)Ljava/lang/Object;' in 'java/lang/invoke/DirectMethodHandle$Holder'

MethodHandle::interpreter_entry::_linkToSpecial [0x000001a9465193e8, 0x000001a946519437] (79 bytes)
[MachCode]
  0x000001a9465193e8: 6666 660f | 1f84 0000 | 0000 0066 | 6666 9066 | 0f1f 8400 | 0000 0000 | 488b 5308 | 0fb7 522e 
  0x000001a946519408: 488b 0cd4 | 585b 5048 | 3b01 8b5b | 2448 8b5b | 1048 85db | 0f84 1000 | 0000 4180 | bfe0 0500 
  0x000001a946519428: 0000 7403 | ff63 38ff | 6350 e9c9 | 
[/MachCode]

---------------  P R O C E S S  ---------------

Threads class SMR info:
_java_thread_list=0x000001a997171070, length=27, elements={
0x000001a94e207920, 0x000001a94e20a500, 0x000001a94e20bb50, 0x000001a94e20d580,
0x000001a94e213420, 0x000001a94e219090, 0x000001a94e2219b0, 0x000001a94e928770,
0x000001a94e9b2500, 0x000001a94e9d5e70, 0x000001a94e9d64f0, 0x000001a94e9280e0,
0x000001a94e926010, 0x000001a94e928e00, 0x000001a94e9273c0, 0x000001a94e926d30,
0x000001a994c722c0, 0x000001a994c701f0, 0x000001a994c6f4d0, 0x000001a9943a6410,
0x000001a994c72950, 0x000001a994c75740, 0x000001a994c76af0, 0x000001a994c6fb60,
0x000001a994c750b0, 0x000001a994c70880, 0x000001a994c70f10
}

Java Threads: ( => current thread )
  0x000001a94e207920 JavaThread "Reference Handler"          daemon [_thread_blocked, id=21164, stack(0x0000008e37c00000,0x0000008e37d00000) (1024K)]
  0x000001a94e20a500 JavaThread "Finalizer"                  daemon [_thread_blocked, id=18740, stack(0x0000008e37d00000,0x0000008e37e00000) (1024K)]
  0x000001a94e20bb50 JavaThread "Signal Dispatcher"          daemon [_thread_blocked, id=6656, stack(0x0000008e37e00000,0x0000008e37f00000) (1024K)]
  0x000001a94e20d580 JavaThread "Attach Listener"            daemon [_thread_blocked, id=21884, stack(0x0000008e37f00000,0x0000008e38000000) (1024K)]
  0x000001a94e213420 JavaThread "Service Thread"             daemon [_thread_blocked, id=12776, stack(0x0000008e38000000,0x0000008e38100000) (1024K)]
  0x000001a94e219090 JavaThread "Monitor Deflation Thread"   daemon [_thread_blocked, id=21616, stack(0x0000008e38100000,0x0000008e38200000) (1024K)]
  0x000001a94e2219b0 JavaThread "C1 CompilerThread0"         daemon [_thread_blocked, id=22280, stack(0x0000008e38200000,0x0000008e38300000) (1024K)]
  0x000001a94e928770 JavaThread "Common-Cleaner"             daemon [_thread_blocked, id=11244, stack(0x0000008e38300000,0x0000008e38400000) (1024K)]
  0x000001a94e9b2500 JavaThread "JDWP Transport Listener: dt_socket" daemon [_thread_blocked, id=23292, stack(0x0000008e38600000,0x0000008e38700000) (1024K)]
  0x000001a94e9d5e70 JavaThread "JDWP Event Helper Thread"   daemon [_thread_blocked, id=11108, stack(0x0000008e38700000,0x0000008e38800000) (1024K)]
  0x000001a94e9d64f0 JavaThread "JDWP Command Reader"        daemon [_thread_blocked, id=6624, stack(0x0000008e38800000,0x0000008e38900000) (1024K)]
  0x000001a94e9280e0 JavaThread "Notification Thread"        daemon [_thread_blocked, id=8728, stack(0x0000008e38900000,0x0000008e38a00000) (1024K)]
  0x000001a94e926010 JavaThread "RMI TCP Accept-0"           daemon [_thread_in_native, id=9428, stack(0x0000008e39200000,0x0000008e39300000) (1024K)]
  0x000001a94e928e00 JavaThread "RMI TCP Accept-55276"       daemon [_thread_in_native, id=12564, stack(0x0000008e39300000,0x0000008e39400000) (1024K)]
  0x000001a94e9273c0 JavaThread "RMI TCP Accept-0"           daemon [_thread_in_native, id=16564, stack(0x0000008e39400000,0x0000008e39500000) (1024K)]
  0x000001a94e926d30 JavaThread "RMI Scheduler(0)"           daemon [_thread_blocked, id=23432, stack(0x0000008e39800000,0x0000008e39900000) (1024K)]
  0x000001a994c722c0 JavaThread "mysql-cj-abandoned-connection-cleanup" daemon [_thread_blocked, id=15176, stack(0x0000008e39f00000,0x0000008e3a000000) (1024K)]
  0x000001a994c701f0 JavaThread "Live Reload Server"         daemon [_thread_in_native, id=9384, stack(0x0000008e3a500000,0x0000008e3a600000) (1024K)]
  0x000001a994c6f4d0 JavaThread "http-nio-8080-exec-3"       daemon [_thread_blocked, id=5616, stack(0x0000008e3a700000,0x0000008e3a800000) (1024K)]
  0x000001a9943a6410 JavaThread "DestroyJavaVM"                     [_thread_blocked, id=8676, stack(0x0000008e37400000,0x0000008e37500000) (1024K)]
  0x000001a994c72950 JavaThread "RMI TCP Connection(53)-127.0.0.1" daemon [_thread_in_native, id=19568, stack(0x0000008e37300000,0x0000008e37400000) (1024K)]
  0x000001a994c75740 JavaThread "JMX server connection timeout 223" daemon [_thread_blocked, id=16676, stack(0x0000008e38400000,0x0000008e38500000) (1024K)]
  0x000001a994c76af0 JavaThread "Thread-7"                          [_thread_blocked, id=11076, stack(0x0000008e37100000,0x0000008e37200000) (1024K)]
=>0x000001a994c6fb60 JavaThread "restartedMain"                     [_thread_in_Java, id=15604, stack(0x0000008e38500000,0x0000008e38600000) (1024K)]
  0x000001a994c750b0 JavaThread "Catalina-utility-1"                [_thread_blocked, id=22884, stack(0x0000008e38a00000,0x0000008e38b00000) (1024K)]
  0x000001a994c70880 JavaThread "Catalina-utility-2"                [_thread_blocked, id=19916, stack(0x0000008e39500000,0x0000008e39600000) (1024K)]
  0x000001a994c70f10 JavaThread "container-0"                       [_thread_blocked, id=17584, stack(0x0000008e39600000,0x0000008e39700000) (1024K)]
Total: 27

Other Threads:
  0x000001a94e1e5cd0 VMThread "VM Thread"                           [id=22252, stack(0x0000008e37b00000,0x0000008e37c00000) (1024K)] _threads_hazard_ptr=0x000001a997171070
  0x000001a94e1d2090 WatcherThread "VM Periodic Task Thread"        [id=6188, stack(0x0000008e37a00000,0x0000008e37b00000) (1024K)]
  0x000001a93de5f250 WorkerThread "GC Thread#0"                     [id=9700, stack(0x0000008e37500000,0x0000008e37600000) (1024K)]
  0x000001a9944d4730 WorkerThread "GC Thread#1"                     [id=11808, stack(0x0000008e38b00000,0x0000008e38c00000) (1024K)]
  0x000001a9944edc40 WorkerThread "GC Thread#2"                     [id=18736, stack(0x0000008e38c00000,0x0000008e38d00000) (1024K)]
  0x000001a9944edfe0 WorkerThread "GC Thread#3"                     [id=11048, stack(0x0000008e38d00000,0x0000008e38e00000) (1024K)]
  0x000001a9944ee380 WorkerThread "GC Thread#4"                     [id=20640, stack(0x0000008e38e00000,0x0000008e38f00000) (1024K)]
  0x000001a9944ee720 WorkerThread "GC Thread#5"                     [id=14120, stack(0x0000008e38f00000,0x0000008e39000000) (1024K)]
  0x000001a9944eeac0 WorkerThread "GC Thread#6"                     [id=18976, stack(0x0000008e39000000,0x0000008e39100000) (1024K)]
  0x000001a9944eee60 WorkerThread "GC Thread#7"                     [id=18400, stack(0x0000008e39100000,0x0000008e39200000) (1024K)]
  0x000001a93de705c0 ConcurrentGCThread "G1 Main Marker"            [id=10152, stack(0x0000008e37600000,0x0000008e37700000) (1024K)]
  0x000001a93de71a10 WorkerThread "G1 Conc#0"                       [id=2756, stack(0x0000008e37700000,0x0000008e37800000) (1024K)]
  0x000001a994bbfcd0 WorkerThread "G1 Conc#1"                       [id=9032, stack(0x0000008e39c00000,0x0000008e39d00000) (1024K)]
  0x000001a93deb8fd0 ConcurrentGCThread "G1 Refine#0"               [id=16692, stack(0x0000008e37800000,0x0000008e37900000) (1024K)]
  0x000001a93deb9750 ConcurrentGCThread "G1 Service"                [id=14372, stack(0x0000008e37900000,0x0000008e37a00000) (1024K)]
Total: 15

Threads with active compile tasks:
Total: 0

VM state: synchronizing (normal execution)

VM Mutex/Monitor currently owned by a thread:  ([mutex/lock_event])
[0x00007ffa64a1c998] Threads_lock - owner thread: 0x000001a94e1e5cd0

Heap address: 0x0000000084400000, size: 1980 MB, Compressed Oops mode: 32-bit

CDS archive(s) mapped at: [0x000001a94f000000-0x000001a94fc90000-0x000001a94fc90000), size 13172736, SharedBaseAddress: 0x000001a94f000000, ArchiveRelocationMode: 1.
Compressed class space mapped at: 0x000001a950000000-0x000001a990000000, reserved size: 1073741824
Narrow klass base: 0x000001a94f000000, Narrow klass shift: 0, Narrow klass range: 0x100000000

GC Precious Log:
 CardTable entry size: 512
 Card Set container configuration: InlinePtr #cards 5 size 8 Array Of Cards #cards 12 size 40 Howl #buckets 4 coarsen threshold 1843 Howl Bitmap #cards 512 size 80 coarsen threshold 460 Card regions per heap region 1 cards per card region 2048
 CPUs: 8 total, 8 available
 Memory: 7914M
 Large Page Support: Disabled
 NUMA Support: Disabled
 Compressed Oops: Enabled (32-bit)
 Heap Region Size: 1M
 Heap Min Capacity: 8M
 Heap Initial Capacity: 124M
 Heap Max Capacity: 1980M
 Pre-touch: Disabled
 Parallel Workers: 8
 Concurrent Workers: 2
 Concurrent Refinement Workers: 8
 Periodic GC: Disabled

Heap:
 garbage-first heap   total 135168K, used 86413K [0x0000000084400000, 0x0000000100000000)
  region size 1024K, 48 young (49152K), 6 survivors (6144K)
 Metaspace       used 64164K, committed 65088K, reserved 1114112K
  class space    used 8366K, committed 8832K, reserved 1048576K

Heap Regions: E=young(eden), S=young(survivor), O=old, HS=humongous(starts), HC=humongous(continues), CS=collection set, F=free, TAMS=top-at-mark-start, PB=parsable bottom
|   0|0x0000000084400000, 0x0000000084500000, 0x0000000084500000|100%| O|  |TAMS 0x0000000084400000| PB 0x0000000084400000| Untracked 
|   1|0x0000000084500000, 0x00000000845fffb0, 0x0000000084600000| 99%| O|  |TAMS 0x0000000084500000| PB 0x0000000084500000| Untracked 
|   2|0x0000000084600000, 0x0000000084700000, 0x0000000084700000|100%| O|  |TAMS 0x0000000084600000| PB 0x0000000084600000| Untracked 
|   3|0x0000000084700000, 0x0000000084800000, 0x0000000084800000|100%| O|  |TAMS 0x0000000084700000| PB 0x0000000084700000| Untracked 
|   4|0x0000000084800000, 0x00000000848ffff0, 0x0000000084900000| 99%| O|  |TAMS 0x0000000084800000| PB 0x0000000084800000| Untracked 
|   5|0x0000000084900000, 0x0000000084a00000, 0x0000000084a00000|100%| O|  |TAMS 0x0000000084900000| PB 0x0000000084900000| Untracked 
|   6|0x0000000084a00000, 0x0000000084afffe0, 0x0000000084b00000| 99%| O|  |TAMS 0x0000000084a00000| PB 0x0000000084a00000| Untracked 
|   7|0x0000000084b00000, 0x0000000084bfffe8, 0x0000000084c00000| 99%| O|  |TAMS 0x0000000084b00000| PB 0x0000000084b00000| Untracked 
|   8|0x0000000084c00000, 0x0000000084cffff8, 0x0000000084d00000| 99%| O|  |TAMS 0x0000000084c00000| PB 0x0000000084c00000| Untracked 
|   9|0x0000000084d00000, 0x0000000084dfffe8, 0x0000000084e00000| 99%| O|  |TAMS 0x0000000084d00000| PB 0x0000000084d00000| Untracked 
|  10|0x0000000084e00000, 0x0000000084efffe8, 0x0000000084f00000| 99%| O|  |TAMS 0x0000000084e00000| PB 0x0000000084e00000| Untracked 
|  11|0x0000000084f00000, 0x0000000084fffff0, 0x0000000085000000| 99%| O|  |TAMS 0x0000000084f00000| PB 0x0000000084f00000| Untracked 
|  12|0x0000000085000000, 0x00000000850fffe0, 0x0000000085100000| 99%| O|  |TAMS 0x0000000085000000| PB 0x0000000085000000| Untracked 
|  13|0x0000000085100000, 0x00000000851fffc8, 0x0000000085200000| 99%| O|  |TAMS 0x0000000085100000| PB 0x0000000085100000| Untracked 
|  14|0x0000000085200000, 0x00000000852fffc0, 0x0000000085300000| 99%| O|  |TAMS 0x0000000085200000| PB 0x0000000085200000| Untracked 
|  15|0x0000000085300000, 0x00000000853ffff0, 0x0000000085400000| 99%| O|  |TAMS 0x0000000085300000| PB 0x0000000085300000| Untracked 
|  16|0x0000000085400000, 0x00000000854ffff8, 0x0000000085500000| 99%| O|  |TAMS 0x0000000085400000| PB 0x0000000085400000| Untracked 
|  17|0x0000000085500000, 0x00000000855ffff8, 0x0000000085600000| 99%| O|  |TAMS 0x0000000085500000| PB 0x0000000085500000| Untracked 
|  18|0x0000000085600000, 0x00000000856ff838, 0x0000000085700000| 99%| O|  |TAMS 0x0000000085600000| PB 0x0000000085600000| Untracked 
|  19|0x0000000085700000, 0x00000000857fffe8, 0x0000000085800000| 99%| O|  |TAMS 0x0000000085700000| PB 0x0000000085700000| Untracked 
|  20|0x0000000085800000, 0x00000000858ffbc0, 0x0000000085900000| 99%| O|  |TAMS 0x0000000085800000| PB 0x0000000085800000| Untracked 
|  21|0x0000000085900000, 0x00000000859ffff0, 0x0000000085a00000| 99%| O|  |TAMS 0x0000000085900000| PB 0x0000000085900000| Untracked 
|  22|0x0000000085a00000, 0x0000000085affff8, 0x0000000085b00000| 99%| O|  |TAMS 0x0000000085a00000| PB 0x0000000085a00000| Untracked 
|  23|0x0000000085b00000, 0x0000000085bfffd0, 0x0000000085c00000| 99%| O|  |TAMS 0x0000000085b00000| PB 0x0000000085b00000| Untracked 
|  24|0x0000000085c00000, 0x0000000085cfffe8, 0x0000000085d00000| 99%| O|  |TAMS 0x0000000085c00000| PB 0x0000000085c00000| Untracked 
|  25|0x0000000085d00000, 0x0000000085dffff0, 0x0000000085e00000| 99%| O|  |TAMS 0x0000000085d00000| PB 0x0000000085d00000| Untracked 
|  26|0x0000000085e00000, 0x0000000085effff8, 0x0000000085f00000| 99%| O|  |TAMS 0x0000000085e00000| PB 0x0000000085e00000| Untracked 
|  27|0x0000000085f00000, 0x0000000085fffee0, 0x0000000086000000| 99%| O|  |TAMS 0x0000000085f00000| PB 0x0000000085f00000| Untracked 
|  28|0x0000000086000000, 0x00000000860ffff8, 0x0000000086100000| 99%| O|  |TAMS 0x0000000086000000| PB 0x0000000086000000| Untracked 
|  29|0x0000000086100000, 0x00000000861ff8e8, 0x0000000086200000| 99%| O|  |TAMS 0x0000000086100000| PB 0x0000000086100000| Untracked 
|  30|0x0000000086200000, 0x00000000862fffd0, 0x0000000086300000| 99%| O|  |TAMS 0x0000000086200000| PB 0x0000000086200000| Untracked 
|  31|0x0000000086300000, 0x00000000863ffff0, 0x0000000086400000| 99%| O|  |TAMS 0x0000000086300000| PB 0x0000000086300000| Untracked 
|  32|0x0000000086400000, 0x00000000864fffc8, 0x0000000086500000| 99%| O|  |TAMS 0x0000000086400000| PB 0x0000000086400000| Untracked 
|  33|0x0000000086500000, 0x00000000865e28e0, 0x0000000086600000| 88%| O|  |TAMS 0x0000000086500000| PB 0x0000000086500000| Untracked 
|  34|0x0000000086600000, 0x00000000866ff6a0, 0x0000000086700000| 99%| O|  |TAMS 0x0000000086600000| PB 0x0000000086600000| Untracked 
|  35|0x0000000086700000, 0x0000000086769610, 0x0000000086800000| 41%| O|  |TAMS 0x0000000086700000| PB 0x0000000086700000| Untracked 
|  36|0x0000000086800000, 0x00000000868799f8, 0x0000000086900000| 47%| O|  |TAMS 0x0000000086800000| PB 0x0000000086800000| Untracked 
|  37|0x0000000086900000, 0x00000000869e78a8, 0x0000000086a00000| 90%| O|  |TAMS 0x0000000086900000| PB 0x0000000086900000| Untracked 
|  38|0x0000000086a00000, 0x0000000086a00000, 0x0000000086b00000|  0%| F|  |TAMS 0x0000000086a00000| PB 0x0000000086a00000| Untracked 
|  39|0x0000000086b00000, 0x0000000086b42f70, 0x0000000086c00000| 26%| O|  |TAMS 0x0000000086b00000| PB 0x0000000086b00000| Untracked 
|  40|0x0000000086c00000, 0x0000000086d00000, 0x0000000086d00000|100%| O|  |TAMS 0x0000000086c00000| PB 0x0000000086c00000| Untracked 
|  41|0x0000000086d00000, 0x0000000086d00000, 0x0000000086e00000|  0%| F|  |TAMS 0x0000000086d00000| PB 0x0000000086d00000| Untracked 
|  42|0x0000000086e00000, 0x0000000086e00000, 0x0000000086f00000|  0%| F|  |TAMS 0x0000000086e00000| PB 0x0000000086e00000| Untracked 
|  43|0x0000000086f00000, 0x0000000086f00000, 0x0000000087000000|  0%| F|  |TAMS 0x0000000086f00000| PB 0x0000000086f00000| Untracked 
|  44|0x0000000087000000, 0x0000000087000000, 0x0000000087100000|  0%| F|  |TAMS 0x0000000087000000| PB 0x0000000087000000| Untracked 
|  45|0x0000000087100000, 0x0000000087100000, 0x0000000087200000|  0%| F|  |TAMS 0x0000000087100000| PB 0x0000000087100000| Untracked 
|  46|0x0000000087200000, 0x0000000087200000, 0x0000000087300000|  0%| F|  |TAMS 0x0000000087200000| PB 0x0000000087200000| Untracked 
|  47|0x0000000087300000, 0x0000000087375738, 0x0000000087400000| 45%| S|CS|TAMS 0x0000000087300000| PB 0x0000000087300000| Complete 
|  48|0x0000000087400000, 0x0000000087500000, 0x0000000087500000|100%| S|CS|TAMS 0x0000000087400000| PB 0x0000000087400000| Complete 
|  49|0x0000000087500000, 0x0000000087600000, 0x0000000087600000|100%| S|CS|TAMS 0x0000000087500000| PB 0x0000000087500000| Complete 
|  50|0x0000000087600000, 0x0000000087700000, 0x0000000087700000|100%| S|CS|TAMS 0x0000000087600000| PB 0x0000000087600000| Complete 
|  51|0x0000000087700000, 0x0000000087800000, 0x0000000087800000|100%| S|CS|TAMS 0x0000000087700000| PB 0x0000000087700000| Complete 
|  52|0x0000000087800000, 0x0000000087900000, 0x0000000087900000|100%| S|CS|TAMS 0x0000000087800000| PB 0x0000000087800000| Complete 
|  53|0x0000000087900000, 0x0000000087900000, 0x0000000087a00000|  0%| F|  |TAMS 0x0000000087900000| PB 0x0000000087900000| Untracked 
|  54|0x0000000087a00000, 0x0000000087a00000, 0x0000000087b00000|  0%| F|  |TAMS 0x0000000087a00000| PB 0x0000000087a00000| Untracked 
|  55|0x0000000087b00000, 0x0000000087b00000, 0x0000000087c00000|  0%| F|  |TAMS 0x0000000087b00000| PB 0x0000000087b00000| Untracked 
|  56|0x0000000087c00000, 0x0000000087c00000, 0x0000000087d00000|  0%| F|  |TAMS 0x0000000087c00000| PB 0x0000000087c00000| Untracked 
|  57|0x0000000087d00000, 0x0000000087d00000, 0x0000000087e00000|  0%| F|  |TAMS 0x0000000087d00000| PB 0x0000000087d00000| Untracked 
|  58|0x0000000087e00000, 0x0000000087e00000, 0x0000000087f00000|  0%| F|  |TAMS 0x0000000087e00000| PB 0x0000000087e00000| Untracked 
|  59|0x0000000087f00000, 0x0000000087f00000, 0x0000000088000000|  0%| F|  |TAMS 0x0000000087f00000| PB 0x0000000087f00000| Untracked 
|  60|0x0000000088000000, 0x0000000088000000, 0x0000000088100000|  0%| F|  |TAMS 0x0000000088000000| PB 0x0000000088000000| Untracked 
|  61|0x0000000088100000, 0x0000000088100000, 0x0000000088200000|  0%| F|  |TAMS 0x0000000088100000| PB 0x0000000088100000| Untracked 
|  62|0x0000000088200000, 0x0000000088200000, 0x0000000088300000|  0%| F|  |TAMS 0x0000000088200000| PB 0x0000000088200000| Untracked 
|  63|0x0000000088300000, 0x0000000088300000, 0x0000000088400000|  0%| F|  |TAMS 0x0000000088300000| PB 0x0000000088300000| Untracked 
|  64|0x0000000088400000, 0x0000000088400000, 0x0000000088500000|  0%| F|  |TAMS 0x0000000088400000| PB 0x0000000088400000| Untracked 
|  65|0x0000000088500000, 0x0000000088500000, 0x0000000088600000|  0%| F|  |TAMS 0x0000000088500000| PB 0x0000000088500000| Untracked 
|  66|0x0000000088600000, 0x0000000088600000, 0x0000000088700000|  0%| F|  |TAMS 0x0000000088600000| PB 0x0000000088600000| Untracked 
|  67|0x0000000088700000, 0x0000000088700000, 0x0000000088800000|  0%| F|  |TAMS 0x0000000088700000| PB 0x0000000088700000| Untracked 
|  68|0x0000000088800000, 0x0000000088800000, 0x0000000088900000|  0%| F|  |TAMS 0x0000000088800000| PB 0x0000000088800000| Untracked 
|  69|0x0000000088900000, 0x0000000088900000, 0x0000000088a00000|  0%| F|  |TAMS 0x0000000088900000| PB 0x0000000088900000| Untracked 
|  70|0x0000000088a00000, 0x0000000088a00000, 0x0000000088b00000|  0%| F|  |TAMS 0x0000000088a00000| PB 0x0000000088a00000| Untracked 
|  71|0x0000000088b00000, 0x0000000088b00000, 0x0000000088c00000|  0%| F|  |TAMS 0x0000000088b00000| PB 0x0000000088b00000| Untracked 
|  72|0x0000000088c00000, 0x0000000088c00000, 0x0000000088d00000|  0%| F|  |TAMS 0x0000000088c00000| PB 0x0000000088c00000| Untracked 
|  73|0x0000000088d00000, 0x0000000088d00000, 0x0000000088e00000|  0%| F|  |TAMS 0x0000000088d00000| PB 0x0000000088d00000| Untracked 
|  74|0x0000000088e00000, 0x0000000088e00000, 0x0000000088f00000|  0%| F|  |TAMS 0x0000000088e00000| PB 0x0000000088e00000| Untracked 
|  75|0x0000000088f00000, 0x0000000088f00000, 0x0000000089000000|  0%| F|  |TAMS 0x0000000088f00000| PB 0x0000000088f00000| Untracked 
|  76|0x0000000089000000, 0x0000000089000000, 0x0000000089100000|  0%| F|  |TAMS 0x0000000089000000| PB 0x0000000089000000| Untracked 
|  77|0x0000000089100000, 0x0000000089100000, 0x0000000089200000|  0%| F|  |TAMS 0x0000000089100000| PB 0x0000000089100000| Untracked 
|  78|0x0000000089200000, 0x0000000089200000, 0x0000000089300000|  0%| F|  |TAMS 0x0000000089200000| PB 0x0000000089200000| Untracked 
|  79|0x0000000089300000, 0x0000000089300000, 0x0000000089400000|  0%| F|  |TAMS 0x0000000089300000| PB 0x0000000089300000| Untracked 
|  80|0x0000000089400000, 0x0000000089400000, 0x0000000089500000|  0%| F|  |TAMS 0x0000000089400000| PB 0x0000000089400000| Untracked 
|  81|0x0000000089500000, 0x0000000089500000, 0x0000000089600000|  0%| F|  |TAMS 0x0000000089500000| PB 0x0000000089500000| Untracked 
|  82|0x0000000089600000, 0x0000000089600000, 0x0000000089700000|  0%| F|  |TAMS 0x0000000089600000| PB 0x0000000089600000| Untracked 
|  83|0x0000000089700000, 0x0000000089700000, 0x0000000089800000|  0%| F|  |TAMS 0x0000000089700000| PB 0x0000000089700000| Untracked 
|  84|0x0000000089800000, 0x0000000089800000, 0x0000000089900000|  0%| F|  |TAMS 0x0000000089800000| PB 0x0000000089800000| Untracked 
|  85|0x0000000089900000, 0x0000000089900000, 0x0000000089a00000|  0%| F|  |TAMS 0x0000000089900000| PB 0x0000000089900000| Untracked 
|  86|0x0000000089a00000, 0x0000000089a00000, 0x0000000089b00000|  0%| F|  |TAMS 0x0000000089a00000| PB 0x0000000089a00000| Untracked 
|  87|0x0000000089b00000, 0x0000000089b00000, 0x0000000089c00000|  0%| F|  |TAMS 0x0000000089b00000| PB 0x0000000089b00000| Untracked 
|  88|0x0000000089c00000, 0x0000000089c00000, 0x0000000089d00000|  0%| F|  |TAMS 0x0000000089c00000| PB 0x0000000089c00000| Untracked 
|  89|0x0000000089d00000, 0x0000000089d00000, 0x0000000089e00000|  0%| F|  |TAMS 0x0000000089d00000| PB 0x0000000089d00000| Untracked 
|  90|0x0000000089e00000, 0x0000000089f00000, 0x0000000089f00000|100%| E|  |TAMS 0x0000000089e00000| PB 0x0000000089e00000| Complete 
|  91|0x0000000089f00000, 0x000000008a000000, 0x000000008a000000|100%| E|CS|TAMS 0x0000000089f00000| PB 0x0000000089f00000| Complete 
|  92|0x000000008a000000, 0x000000008a100000, 0x000000008a100000|100%| E|CS|TAMS 0x000000008a000000| PB 0x000000008a000000| Complete 
|  93|0x000000008a100000, 0x000000008a200000, 0x000000008a200000|100%| E|CS|TAMS 0x000000008a100000| PB 0x000000008a100000| Complete 
|  94|0x000000008a200000, 0x000000008a300000, 0x000000008a300000|100%| E|CS|TAMS 0x000000008a200000| PB 0x000000008a200000| Complete 
|  95|0x000000008a300000, 0x000000008a400000, 0x000000008a400000|100%| E|CS|TAMS 0x000000008a300000| PB 0x000000008a300000| Complete 
|  96|0x000000008a400000, 0x000000008a500000, 0x000000008a500000|100%| E|CS|TAMS 0x000000008a400000| PB 0x000000008a400000| Complete 
|  97|0x000000008a500000, 0x000000008a600000, 0x000000008a600000|100%| E|CS|TAMS 0x000000008a500000| PB 0x000000008a500000| Complete 
|  98|0x000000008a600000, 0x000000008a700000, 0x000000008a700000|100%| E|CS|TAMS 0x000000008a600000| PB 0x000000008a600000| Complete 
|  99|0x000000008a700000, 0x000000008a800000, 0x000000008a800000|100%| E|CS|TAMS 0x000000008a700000| PB 0x000000008a700000| Complete 
| 100|0x000000008a800000, 0x000000008a900000, 0x000000008a900000|100%| E|CS|TAMS 0x000000008a800000| PB 0x000000008a800000| Complete 
| 101|0x000000008a900000, 0x000000008aa00000, 0x000000008aa00000|100%| E|CS|TAMS 0x000000008a900000| PB 0x000000008a900000| Complete 
| 102|0x000000008aa00000, 0x000000008ab00000, 0x000000008ab00000|100%| E|CS|TAMS 0x000000008aa00000| PB 0x000000008aa00000| Complete 
| 103|0x000000008ab00000, 0x000000008ac00000, 0x000000008ac00000|100%| E|CS|TAMS 0x000000008ab00000| PB 0x000000008ab00000| Complete 
| 104|0x000000008ac00000, 0x000000008ad00000, 0x000000008ad00000|100%| E|CS|TAMS 0x000000008ac00000| PB 0x000000008ac00000| Complete 
| 105|0x000000008ad00000, 0x000000008ae00000, 0x000000008ae00000|100%| E|CS|TAMS 0x000000008ad00000| PB 0x000000008ad00000| Complete 
| 106|0x000000008ae00000, 0x000000008af00000, 0x000000008af00000|100%| E|CS|TAMS 0x000000008ae00000| PB 0x000000008ae00000| Complete 
| 107|0x000000008af00000, 0x000000008b000000, 0x000000008b000000|100%| E|CS|TAMS 0x000000008af00000| PB 0x000000008af00000| Complete 
| 108|0x000000008b000000, 0x000000008b100000, 0x000000008b100000|100%| E|CS|TAMS 0x000000008b000000| PB 0x000000008b000000| Complete 
| 109|0x000000008b100000, 0x000000008b200000, 0x000000008b200000|100%| E|CS|TAMS 0x000000008b100000| PB 0x000000008b100000| Complete 
| 110|0x000000008b200000, 0x000000008b300000, 0x000000008b300000|100%| E|CS|TAMS 0x000000008b200000| PB 0x000000008b200000| Complete 
| 111|0x000000008b300000, 0x000000008b400000, 0x000000008b400000|100%| E|CS|TAMS 0x000000008b300000| PB 0x000000008b300000| Complete 
| 112|0x000000008b400000, 0x000000008b500000, 0x000000008b500000|100%| E|CS|TAMS 0x000000008b400000| PB 0x000000008b400000| Complete 
| 113|0x000000008b500000, 0x000000008b600000, 0x000000008b600000|100%| E|CS|TAMS 0x000000008b500000| PB 0x000000008b500000| Complete 
| 114|0x000000008b600000, 0x000000008b700000, 0x000000008b700000|100%| E|CS|TAMS 0x000000008b600000| PB 0x000000008b600000| Complete 
| 115|0x000000008b700000, 0x000000008b800000, 0x000000008b800000|100%| E|CS|TAMS 0x000000008b700000| PB 0x000000008b700000| Complete 
| 116|0x000000008b800000, 0x000000008b900000, 0x000000008b900000|100%| E|CS|TAMS 0x000000008b800000| PB 0x000000008b800000| Complete 
| 117|0x000000008b900000, 0x000000008ba00000, 0x000000008ba00000|100%| E|CS|TAMS 0x000000008b900000| PB 0x000000008b900000| Complete 
| 118|0x000000008ba00000, 0x000000008bb00000, 0x000000008bb00000|100%| E|CS|TAMS 0x000000008ba00000| PB 0x000000008ba00000| Complete 
| 119|0x000000008bb00000, 0x000000008bc00000, 0x000000008bc00000|100%| E|CS|TAMS 0x000000008bb00000| PB 0x000000008bb00000| Complete 
| 120|0x000000008bc00000, 0x000000008bd00000, 0x000000008bd00000|100%| E|CS|TAMS 0x000000008bc00000| PB 0x000000008bc00000| Complete 
| 121|0x000000008bd00000, 0x000000008be00000, 0x000000008be00000|100%| E|CS|TAMS 0x000000008bd00000| PB 0x000000008bd00000| Complete 
| 122|0x000000008be00000, 0x000000008bf00000, 0x000000008bf00000|100%| E|CS|TAMS 0x000000008be00000| PB 0x000000008be00000| Complete 
| 123|0x000000008bf00000, 0x000000008c000000, 0x000000008c000000|100%| E|CS|TAMS 0x000000008bf00000| PB 0x000000008bf00000| Complete 
| 124|0x000000008c000000, 0x000000008c100000, 0x000000008c100000|100%| E|CS|TAMS 0x000000008c000000| PB 0x000000008c000000| Complete 
| 125|0x000000008c100000, 0x000000008c200000, 0x000000008c200000|100%| E|CS|TAMS 0x000000008c100000| PB 0x000000008c100000| Complete 
| 126|0x000000008c200000, 0x000000008c300000, 0x000000008c300000|100%| E|CS|TAMS 0x000000008c200000| PB 0x000000008c200000| Complete 
| 127|0x000000008c300000, 0x000000008c400000, 0x000000008c400000|100%| E|CS|TAMS 0x000000008c300000| PB 0x000000008c300000| Complete 
| 128|0x000000008c400000, 0x000000008c500000, 0x000000008c500000|100%| E|CS|TAMS 0x000000008c400000| PB 0x000000008c400000| Complete 
|1977|0x00000000ffd00000, 0x00000000ffe00000, 0x00000000ffe00000|100%| E|CS|TAMS 0x00000000ffd00000| PB 0x00000000ffd00000| Complete 
|1978|0x00000000ffe00000, 0x00000000fff00000, 0x00000000fff00000|100%| E|CS|TAMS 0x00000000ffe00000| PB 0x00000000ffe00000| Complete 
|1979|0x00000000fff00000, 0x0000000100000000, 0x0000000100000000|100%| E|CS|TAMS 0x00000000fff00000| PB 0x00000000fff00000| Complete 

Card table byte_map: [0x000001a9499b0000,0x000001a949d90000] _byte_map_base: 0x000001a94958e000

Marking Bits: (CMBitMap*) 0x000001a93de60560
 Bits: [0x000001a949d90000, 0x000001a94bc80000)

Polling page: 0x000001a93d5c0000

Metaspace:

Usage:
  Non-class:     54.49 MB used.
      Class:      8.17 MB used.
       Both:     62.66 MB used.

Virtual space:
  Non-class space:       64.00 MB reserved,      54.94 MB ( 86%) committed,  1 nodes.
      Class space:        1.00 GB reserved,       8.62 MB ( <1%) committed,  1 nodes.
             Both:        1.06 GB reserved,      63.56 MB (  6%) committed. 

Chunk freelists:
   Non-Class:  8.32 MB
       Class:  7.48 MB
        Both:  15.80 MB

MaxMetaspaceSize: unlimited
CompressedClassSpaceSize: 1.00 GB
Initial GC threshold: 21.00 MB
Current GC threshold: 105.94 MB
CDS: on
 - commit_granule_bytes: 65536.
 - commit_granule_words: 8192.
 - virtual_space_node_default_size: 8388608.
 - enlarge_chunks_in_place: 1.
 - use_allocation_guard: 0.


Internal statistics:

num_allocs_failed_limit: 3.
num_arena_births: 2390.
num_arena_deaths: 1276.
num_vsnodes_births: 2.
num_vsnodes_deaths: 0.
num_space_committed: 1017.
num_space_uncommitted: 0.
num_chunks_returned_to_freelist: 1577.
num_chunks_taken_from_freelist: 5063.
num_chunk_merges: 403.
num_chunk_splits: 2908.
num_chunks_enlarged: 1927.
num_inconsistent_stats: 0.

CodeCache: size=49152Kb used=20669Kb max_used=21666Kb free=28482Kb
 bounds [0x000001a9464c0000, 0x000001a947a50000, 0x000001a9494c0000]
 total_blobs=10346 nmethods=9534 adapters=735
 compilation: enabled
              stopped_count=0, restarted_count=0
 full_count=0

Compilation events (20 events):
Event: 4528.692 Thread 0x000001a94e2219b0 12590       1       org.apache.ibatis.session.Configuration::getVariables (5 bytes)
Event: 4528.692 Thread 0x000001a94e2219b0 nmethod 12590 0x000001a947a04590 code [0x000001a947a04720, 0x000001a947a047e8]
Event: 4528.692 Thread 0x000001a94e2219b0 12591       1       org.apache.ibatis.session.Configuration::isShrinkWhitespacesInSql (5 bytes)
Event: 4528.692 Thread 0x000001a94e2219b0 nmethod 12591 0x000001a947a04290 code [0x000001a947a04420, 0x000001a947a044f0]
Event: 4528.692 Thread 0x000001a94e2219b0 12592       1       org.apache.ibatis.builder.SqlSourceBuilder$ParameterMappingTokenHandler::getParameterMappings (5 bytes)
Event: 4528.692 Thread 0x000001a94e2219b0 nmethod 12592 0x000001a947a03f90 code [0x000001a947a04120, 0x000001a947a041e8]
Event: 4528.693 Thread 0x000001a94e2219b0 12594       1       java.util.stream.Collectors::mapMerger (7 bytes)
Event: 4528.693 Thread 0x000001a94e2219b0 nmethod 12594 0x000001a947a03b10 code [0x000001a947a03cc0, 0x000001a947a03e00]
Event: 4528.693 Thread 0x000001a94e2219b0 12595       1       java.util.stream.Collectors$$Lambda/0x000001a95019f850::<init> (10 bytes)
Event: 4528.693 Thread 0x000001a94e2219b0 nmethod 12595 0x000001a947a03810 code [0x000001a947a039a0, 0x000001a947a03ab8]
Event: 4528.724 Thread 0x000001a94e2219b0 12596   !   1       jdk.proxy2.$Proxy78::annotationType (29 bytes)
Event: 4528.724 Thread 0x000001a94e2219b0 nmethod 12596 0x000001a947a03210 code [0x000001a947a033e0, 0x000001a947a03648]
Event: 4528.736 Thread 0x000001a94e2219b0 12597       1       org.springframework.aop.framework.adapter.GlobalAdvisorAdapterRegistry::getInstance (4 bytes)
Event: 4528.736 Thread 0x000001a94e2219b0 nmethod 12597 0x000001a947a02f10 code [0x000001a947a030a0, 0x000001a947a03150]
Event: 4528.737 Thread 0x000001a94e2219b0 12598       1       org.springframework.cglib.core.ClassEmitter$FieldInfo::equals (119 bytes)
Event: 4528.737 Thread 0x000001a94e2219b0 nmethod 12598 0x000001a947a02810 code [0x000001a947a02a00, 0x000001a947a02d70]
Event: 4528.741 Thread 0x000001a94e2219b0 12599       1       java.lang.System$2::defineClass (14 bytes)
Event: 4528.741 Thread 0x000001a94e2219b0 nmethod 12599 0x000001a947a02490 code [0x000001a947a02640, 0x000001a947a02768]
Event: 4529.374 Thread 0x000001a94e2219b0 12600       1       java.net.Socket::isConnected (8 bytes)
Event: 4529.374 Thread 0x000001a94e2219b0 nmethod 12600 0x000001a947a02190 code [0x000001a947a02320, 0x000001a947a02408]

GC Heap History (20 events):
Event: 684.412 GC heap before
{Heap before GC invocations=35 (full 1):
 garbage-first heap   total 109568K, used 98792K [0x0000000084400000, 0x0000000100000000)
  region size 1024K, 62 young (63488K), 2 survivors (2048K)
 Metaspace       used 63330K, committed 64256K, reserved 1114112K
  class space    used 8251K, committed 8768K, reserved 1048576K
}
Event: 684.416 GC heap after
{Heap after GC invocations=36 (full 1):
 garbage-first heap   total 109568K, used 39697K [0x0000000084400000, 0x0000000100000000)
  region size 1024K, 4 young (4096K), 4 survivors (4096K)
 Metaspace       used 63330K, committed 64256K, reserved 1114112K
  class space    used 8251K, committed 8768K, reserved 1048576K
}
Event: 684.506 GC heap before
{Heap before GC invocations=36 (full 1):
 garbage-first heap   total 109568K, used 96017K [0x0000000084400000, 0x0000000100000000)
  region size 1024K, 60 young (61440K), 4 survivors (4096K)
 Metaspace       used 63344K, committed 64256K, reserved 1114112K
  class space    used 8254K, committed 8768K, reserved 1048576K
}
Event: 684.514 GC heap after
{Heap after GC invocations=37 (full 1):
 garbage-first heap   total 112640K, used 49349K [0x0000000084400000, 0x0000000100000000)
  region size 1024K, 8 young (8192K), 8 survivors (8192K)
 Metaspace       used 63344K, committed 64256K, reserved 1114112K
  class space    used 8254K, committed 8768K, reserved 1048576K
}
Event: 684.643 GC heap before
{Heap before GC invocations=38 (full 1):
 garbage-first heap   total 112640K, used 95429K [0x0000000084400000, 0x0000000100000000)
  region size 1024K, 54 young (55296K), 8 survivors (8192K)
 Metaspace       used 63352K, committed 64256K, reserved 1114112K
  class space    used 8257K, committed 8768K, reserved 1048576K
}
Event: 684.647 GC heap after
{Heap after GC invocations=39 (full 1):
 garbage-first heap   total 112640K, used 49788K [0x0000000084400000, 0x0000000100000000)
  region size 1024K, 2 young (2048K), 2 survivors (2048K)
 Metaspace       used 63352K, committed 64256K, reserved 1114112K
  class space    used 8257K, committed 8768K, reserved 1048576K
}
Event: 684.838 GC heap before
{Heap before GC invocations=39 (full 1):
 garbage-first heap   total 112640K, used 98940K [0x0000000084400000, 0x0000000100000000)
  region size 1024K, 50 young (51200K), 2 survivors (2048K)
 Metaspace       used 63387K, committed 64320K, reserved 1114112K
  class space    used 8266K, committed 8768K, reserved 1048576K
}
Event: 684.841 GC heap after
{Heap after GC invocations=40 (full 1):
 garbage-first heap   total 135168K, used 49793K [0x0000000084400000, 0x0000000100000000)
  region size 1024K, 2 young (2048K), 2 survivors (2048K)
 Metaspace       used 63387K, committed 64320K, reserved 1114112K
  class space    used 8266K, committed 8768K, reserved 1048576K
}
Event: 685.098 GC heap before
{Heap before GC invocations=40 (full 1):
 garbage-first heap   total 135168K, used 121473K [0x0000000084400000, 0x0000000100000000)
  region size 1024K, 72 young (73728K), 2 survivors (2048K)
 Metaspace       used 63488K, committed 64384K, reserved 1114112K
  class space    used 8289K, committed 8768K, reserved 1048576K
}
Event: 685.102 GC heap after
{Heap after GC invocations=41 (full 1):
 garbage-first heap   total 135168K, used 52611K [0x0000000084400000, 0x0000000100000000)
  region size 1024K, 5 young (5120K), 5 survivors (5120K)
 Metaspace       used 63488K, committed 64384K, reserved 1114112K
  class space    used 8289K, committed 8768K, reserved 1048576K
}
Event: 3421.957 GC heap before
{Heap before GC invocations=41 (full 1):
 garbage-first heap   total 135168K, used 120195K [0x0000000084400000, 0x0000000100000000)
  region size 1024K, 71 young (72704K), 5 survivors (5120K)
 Metaspace       used 63543K, committed 64448K, reserved 1114112K
  class space    used 8299K, committed 8768K, reserved 1048576K
}
Event: 3421.964 GC heap after
{Heap after GC invocations=42 (full 1):
 garbage-first heap   total 135168K, used 53834K [0x0000000084400000, 0x0000000100000000)
  region size 1024K, 6 young (6144K), 6 survivors (6144K)
 Metaspace       used 63543K, committed 64448K, reserved 1114112K
  class space    used 8299K, committed 8768K, reserved 1048576K
}
Event: 3623.303 GC heap before
{Heap before GC invocations=42 (full 1):
 garbage-first heap   total 135168K, used 119370K [0x0000000084400000, 0x0000000100000000)
  region size 1024K, 70 young (71680K), 6 survivors (6144K)
 Metaspace       used 64163K, committed 65088K, reserved 1114112K
  class space    used 8401K, committed 8832K, reserved 1048576K
}
Event: 3623.310 GC heap after
{Heap after GC invocations=43 (full 1):
 garbage-first heap   total 135168K, used 56938K [0x0000000084400000, 0x0000000100000000)
  region size 1024K, 8 young (8192K), 8 survivors (8192K)
 Metaspace       used 64163K, committed 65088K, reserved 1114112K
  class space    used 8401K, committed 8832K, reserved 1048576K
}
Event: 4232.163 GC heap before
{Heap before GC invocations=44 (full 1):
 garbage-first heap   total 135168K, used 116330K [0x0000000084400000, 0x0000000100000000)
  region size 1024K, 66 young (67584K), 8 survivors (8192K)
 Metaspace       used 63957K, committed 65088K, reserved 1114112K
  class space    used 8357K, committed 8832K, reserved 1048576K
}
Event: 4232.168 GC heap after
{Heap after GC invocations=45 (full 1):
 garbage-first heap   total 135168K, used 55777K [0x0000000084400000, 0x0000000100000000)
  region size 1024K, 4 young (4096K), 4 survivors (4096K)
 Metaspace       used 63957K, committed 65088K, reserved 1114112K
  class space    used 8357K, committed 8832K, reserved 1048576K
}
Event: 4525.487 GC heap before
{Heap before GC invocations=45 (full 1):
 garbage-first heap   total 135168K, used 86497K [0x0000000084400000, 0x0000000100000000)
  region size 1024K, 35 young (35840K), 4 survivors (4096K)
 Metaspace       used 64036K, committed 65088K, reserved 1114112K
  class space    used 8371K, committed 8832K, reserved 1048576K
}
Event: 4525.807 GC heap after
{Heap after GC invocations=46 (full 2):
 garbage-first heap   total 135168K, used 38840K [0x0000000084400000, 0x0000000100000000)
  region size 1024K, 0 young (0K), 0 survivors (0K)
 Metaspace       used 63731K, committed 65088K, reserved 1114112K
  class space    used 8298K, committed 8832K, reserved 1048576K
}
Event: 4528.484 GC heap before
{Heap before GC invocations=46 (full 2):
 garbage-first heap   total 135168K, used 119736K [0x0000000084400000, 0x0000000100000000)
  region size 1024K, 79 young (80896K), 0 survivors (0K)
 Metaspace       used 64043K, committed 65088K, reserved 1114112K
  class space    used 8351K, committed 8832K, reserved 1048576K
}
Event: 4528.491 GC heap after
{Heap after GC invocations=47 (full 2):
 garbage-first heap   total 135168K, used 44429K [0x0000000084400000, 0x0000000100000000)
  region size 1024K, 6 young (6144K), 6 survivors (6144K)
 Metaspace       used 64043K, committed 65088K, reserved 1114112K
  class space    used 8351K, committed 8832K, reserved 1048576K
}

Dll operation events (12 events):
Event: 0.006 Loaded shared library C:\pleiades\2023-09\java\21\bin\java.dll
Event: 0.188 Loaded shared library C:\pleiades\2023-09\java\21\bin\zip.dll
Event: 0.192 Loaded shared library C:\pleiades\2023-09\java\21\bin\instrument.dll
Event: 0.196 Loaded shared library C:\pleiades\2023-09\java\21\bin\net.dll
Event: 0.196 Loaded shared library C:\pleiades\2023-09\java\21\bin\nio.dll
Event: 0.199 Loaded shared library C:\pleiades\2023-09\java\21\bin\zip.dll
Event: 0.296 Loaded shared library C:\pleiades\2023-09\java\21\bin\jimage.dll
Event: 0.328 Loaded shared library C:\pleiades\2023-09\java\21\bin\management.dll
Event: 0.335 Loaded shared library C:\pleiades\2023-09\java\21\bin\management_ext.dll
Event: 0.471 Loaded shared library C:\pleiades\2023-09\java\21\bin\verify.dll
Event: 0.552 Loaded shared library C:\pleiades\2023-09\java\21\bin\extnet.dll
Event: 2.989 Loaded shared library C:\pleiades\2023-09\java\21\bin\sunmscapi.dll

Deoptimization events (20 events):
Event: 4528.747 Thread 0x000001a994c6fb60 DEOPT PACKING pc=0x000001a946c6da34 sp=0x0000008e385fd0c0
Event: 4528.747 Thread 0x000001a994c6fb60 DEOPT UNPACKING pc=0x000001a9465188e2 sp=0x0000008e385fc620 mode 1
Event: 4528.747 Thread 0x000001a994c6fb60 DEOPT PACKING pc=0x000001a9473d5f6c sp=0x0000008e385fd1e0
Event: 4528.747 Thread 0x000001a994c6fb60 DEOPT UNPACKING pc=0x000001a9465188e2 sp=0x0000008e385fc6b0 mode 1
Event: 4528.747 Thread 0x000001a994c6fb60 DEOPT PACKING pc=0x000001a946c6da34 sp=0x0000008e385fd0b0
Event: 4528.747 Thread 0x000001a994c6fb60 DEOPT UNPACKING pc=0x000001a9465188e2 sp=0x0000008e385fc628 mode 1
Event: 4528.748 Thread 0x000001a994c6fb60 DEOPT PACKING pc=0x000001a946d9e1e4 sp=0x0000008e385fced0
Event: 4528.748 Thread 0x000001a994c6fb60 DEOPT UNPACKING pc=0x000001a9465188e2 sp=0x0000008e385fc408 mode 1
Event: 4528.748 Thread 0x000001a994c6fb60 DEOPT PACKING pc=0x000001a946d9f184 sp=0x0000008e385fcfc0
Event: 4528.748 Thread 0x000001a994c6fb60 DEOPT UNPACKING pc=0x000001a9465188e2 sp=0x0000008e385fc570 mode 1
Event: 4528.748 Thread 0x000001a994c6fb60 DEOPT PACKING pc=0x000001a946d96bbc sp=0x0000008e385fd130
Event: 4528.748 Thread 0x000001a994c6fb60 DEOPT UNPACKING pc=0x000001a9465188e2 sp=0x0000008e385fc6f0 mode 1
Event: 4528.749 Thread 0x000001a994c6fb60 DEOPT PACKING pc=0x000001a946d9e1e4 sp=0x0000008e385fced0
Event: 4528.749 Thread 0x000001a994c6fb60 DEOPT UNPACKING pc=0x000001a9465188e2 sp=0x0000008e385fc408 mode 1
Event: 4528.749 Thread 0x000001a994c6fb60 DEOPT PACKING pc=0x000001a946d9f184 sp=0x0000008e385fcfc0
Event: 4528.749 Thread 0x000001a994c6fb60 DEOPT UNPACKING pc=0x000001a9465188e2 sp=0x0000008e385fc570 mode 1
Event: 4528.749 Thread 0x000001a994c6fb60 DEOPT PACKING pc=0x000001a946d96bbc sp=0x0000008e385fd130
Event: 4528.749 Thread 0x000001a994c6fb60 DEOPT UNPACKING pc=0x000001a9465188e2 sp=0x0000008e385fc6f0 mode 1
Event: 4536.494 Thread 0x000001a994c6fb60 DEOPT PACKING pc=0x000001a9468865b4 sp=0x0000008e385fde40
Event: 4536.494 Thread 0x000001a994c6fb60 DEOPT UNPACKING pc=0x000001a9465188e2 sp=0x0000008e385fd2f8 mode 0

Classes loaded (20 events):
Event: 3495.343 Loading class java/time/LocalDateEditor
Event: 3495.343 Loading class java/time/LocalDateEditor done
Event: 3528.760 Loading class java/lang/IntegerEditor
Event: 3528.760 Loading class java/lang/IntegerEditor done
Event: 3528.761 Loading class sun/reflect/annotation/AnnotationInvocationHandler$1
Event: 3528.762 Loading class sun/reflect/annotation/AnnotationInvocationHandler$1 done
Event: 3592.712 Loading class java/time/chrono/Era
Event: 3592.712 Loading class java/time/chrono/Era done
Event: 3592.712 Loading class java/time/chrono/IsoEra
Event: 3592.713 Loading class java/time/chrono/IsoEra done
Event: 3592.713 Loading class java/lang/invoke/SerializedLambda
Event: 3592.714 Loading class java/lang/invoke/SerializedLambda done
Event: 4525.929 Loading class java/lang/ObjectBeanInfo
Event: 4525.929 Loading class java/lang/ObjectBeanInfo done
Event: 4525.929 Loading class java/lang/ObjectBeanInfo
Event: 4525.929 Loading class java/lang/ObjectBeanInfo done
Event: 4525.930 Loading class java/lang/ObjectCustomizer
Event: 4525.930 Loading class java/lang/ObjectCustomizer done
Event: 4525.930 Loading class java/lang/ObjectCustomizer
Event: 4525.930 Loading class java/lang/ObjectCustomizer done

Classes unloaded (20 events):
Event: 4525.545 Thread 0x000001a94e1e5cd0 Unloading class 0x000001a9507bc400 'java/lang/invoke/LambdaForm$MH+0x000001a9507bc400'
Event: 4525.545 Thread 0x000001a94e1e5cd0 Unloading class 0x000001a9507bc000 'java/lang/invoke/LambdaForm$MH+0x000001a9507bc000'
Event: 4525.545 Thread 0x000001a94e1e5cd0 Unloading class 0x000001a9507bdc00 'java/lang/invoke/LambdaForm$MH+0x000001a9507bdc00'
Event: 4525.545 Thread 0x000001a94e1e5cd0 Unloading class 0x000001a9507bd800 'java/lang/invoke/LambdaForm$MH+0x000001a9507bd800'
Event: 4525.545 Thread 0x000001a94e1e5cd0 Unloading class 0x000001a9507ec400 'java/lang/invoke/LambdaForm$MH+0x000001a9507ec400'
Event: 4525.545 Thread 0x000001a94e1e5cd0 Unloading class 0x000001a9507ec000 'java/lang/invoke/LambdaForm$MH+0x000001a9507ec000'
Event: 4525.545 Thread 0x000001a94e1e5cd0 Unloading class 0x000001a950820c00 'java/lang/invoke/LambdaForm$MH+0x000001a950820c00'
Event: 4525.545 Thread 0x000001a94e1e5cd0 Unloading class 0x000001a950820800 'java/lang/invoke/LambdaForm$MH+0x000001a950820800'
Event: 4525.545 Thread 0x000001a94e1e5cd0 Unloading class 0x000001a950826c00 'java/lang/invoke/LambdaForm$MH+0x000001a950826c00'
Event: 4525.545 Thread 0x000001a94e1e5cd0 Unloading class 0x000001a950829400 'java/lang/invoke/LambdaForm$MH+0x000001a950829400'
Event: 4525.545 Thread 0x000001a94e1e5cd0 Unloading class 0x000001a950829000 'java/lang/invoke/LambdaForm$MH+0x000001a950829000'
Event: 4525.545 Thread 0x000001a94e1e5cd0 Unloading class 0x000001a95082ac00 'jdk/internal/reflect/GeneratedSerializationConstructorAccessor105'
Event: 4525.545 Thread 0x000001a94e1e5cd0 Unloading class 0x000001a950868400 'java/lang/invoke/LambdaForm$MH+0x000001a950868400'
Event: 4525.545 Thread 0x000001a94e1e5cd0 Unloading class 0x000001a950869400 'java/lang/invoke/LambdaForm$MH+0x000001a950869400'
Event: 4525.545 Thread 0x000001a94e1e5cd0 Unloading class 0x000001a950874400 'java/lang/invoke/LambdaForm$MH+0x000001a950874400'
Event: 4525.545 Thread 0x000001a94e1e5cd0 Unloading class 0x000001a950874000 'java/lang/invoke/LambdaForm$MH+0x000001a950874000'
Event: 4525.545 Thread 0x000001a94e1e5cd0 Unloading class 0x000001a950875000 'java/lang/invoke/LambdaForm$MH+0x000001a950875000'
Event: 4525.545 Thread 0x000001a94e1e5cd0 Unloading class 0x000001a950003400 'java/lang/invoke/LambdaForm$MH+0x000001a950003400'
Event: 4525.545 Thread 0x000001a94e1e5cd0 Unloading class 0x000001a950380800 'java/lang/invoke/LambdaForm$MH+0x000001a950380800'
Event: 4525.545 Thread 0x000001a94e1e5cd0 Unloading class 0x000001a9500dcc00 'java/lang/invoke/LambdaForm$MH+0x000001a9500dcc00'

Classes redefined (2 events):
Event: 673.880 Thread 0x000001a94e1e5cd0 redefined class name=katachi.spring.exercise.controller.ProjectController, count=1
Event: 4536.555 Thread 0x000001a94e1e5cd0 redefined class name=katachi.spring.exercise.aspect.GlobalContorollAdvice, count=1

Internal exceptions (20 events):
Event: 4525.930 Thread 0x000001a994c6fb60 Exception <a 'java/lang/ClassNotFoundException'{0x000000008c40c318}: java/lang/ObjectCustomizer> (0x000000008c40c318) 
thrown [s\src\hotspot\share\classfile\systemDictionary.cpp, line 312]
Event: 4525.932 Thread 0x000001a994c6fb60 Exception <a 'java/lang/ClassNotFoundException'{0x000000008c416200}: org/springframework/beans/factory/support/AbstractBeanDefinitionReaderCustomizer> (0x000000008c416200) 
thrown [s\src\hotspot\share\classfile\systemDictionary.cpp, line 312]
Event: 4525.933 Thread 0x000001a994c6fb60 Exception <a 'java/lang/ClassNotFoundException'{0x000000008c4283c8}: org/springframework/beans/factory/groovy/GroovyBeanDefinitionReaderCustomizer> (0x000000008c4283c8) 
thrown [s\src\hotspot\share\classfile\systemDictionary.cpp, line 312]
Event: 4527.000 Thread 0x000001a994c6fb60 Exception <a 'java/lang/NoSuchMethodError'{0x000000008acdbc28}: 'void java.lang.invoke.DelegatingMethodHandle$Holder.reinvoke_L(java.lang.Object, java.lang.Object, int)'> (0x000000008acdbc28) 
thrown [s\src\hotspot\share\interpreter\linkResolver.cpp, line 773]
Event: 4527.031 Thread 0x000001a994c6fb60 Exception <a 'java/lang/NoClassDefFoundError'{0x000000008aac0fa0}: org/flywaydb/core/Flyway> (0x000000008aac0fa0) 
thrown [s\src\hotspot\share\oops\constantPool.cpp, line 871]
Event: 4527.800 Thread 0x000001a994c6fb60 Exception <a 'java/lang/NoClassDefFoundError'{0x000000008aac1600}: liquibase/integration/spring/SpringLiquibase> (0x000000008aac1600) 
thrown [s\src\hotspot\share\oops\constantPool.cpp, line 871]
Event: 4527.814 Thread 0x000001a994c6fb60 Exception <a 'java/lang/NoClassDefFoundError'{0x000000008a951f08}: org/jooq/DSLContext> (0x000000008a951f08) 
thrown [s\src\hotspot\share\oops\constantPool.cpp, line 871]
Event: 4527.816 Thread 0x000001a994c6fb60 Exception <a 'java/lang/NoClassDefFoundError'{0x000000008a953478}: jakarta/persistence/EntityManagerFactory> (0x000000008a953478) 
thrown [s\src\hotspot\share\oops\constantPool.cpp, line 871]
Event: 4527.817 Thread 0x000001a994c6fb60 Exception <a 'java/lang/NoClassDefFoundError'{0x000000008a953ae8}: org/springframework/batch/core/repository/JobRepository> (0x000000008a953ae8) 
thrown [s\src\hotspot\share\oops\constantPool.cpp, line 871]
Event: 4527.818 Thread 0x000001a994c6fb60 Exception <a 'java/lang/NoClassDefFoundError'{0x000000008a954140}: org/quartz/Scheduler> (0x000000008a954140) 
thrown [s\src\hotspot\share\oops\constantPool.cpp, line 871]
Event: 4527.819 Thread 0x000001a994c6fb60 Exception <a 'java/lang/NoClassDefFoundError'{0x000000008a9547c0}: org/springframework/session/jdbc/JdbcIndexedSessionRepository> (0x000000008a9547c0) 
thrown [s\src\hotspot\share\oops\constantPool.cpp, line 871]
Event: 4527.860 Thread 0x000001a994c6fb60 Exception <a 'java/lang/ArrayIndexOutOfBoundsException'{0x000000008a715370}: Index 11 out of bounds for length 11> (0x000000008a715370) 
thrown [s\src\hotspot\share\interpreter\interpreterRuntime.cpp, line 439]
Event: 4527.860 Thread 0x000001a994c6fb60 Exception <a 'java/lang/ArrayIndexOutOfBoundsException'{0x000000008a715948}: Index 11 out of bounds for length 11> (0x000000008a715948) 
thrown [s\src\hotspot\share\interpreter\interpreterRuntime.cpp, line 439]
Event: 4527.866 Thread 0x000001a994c6fb60 Exception <a 'java/lang/ArrayIndexOutOfBoundsException'{0x000000008a755fc0}: Index 17 out of bounds for length 17> (0x000000008a755fc0) 
thrown [s\src\hotspot\share\interpreter\interpreterRuntime.cpp, line 439]
Event: 4527.866 Thread 0x000001a994c6fb60 Exception <a 'java/lang/ArrayIndexOutOfBoundsException'{0x000000008a756598}: Index 17 out of bounds for length 17> (0x000000008a756598) 
thrown [s\src\hotspot\share\interpreter\interpreterRuntime.cpp, line 439]
Event: 4527.868 Thread 0x000001a994c6fb60 Exception <a 'java/lang/ArrayIndexOutOfBoundsException'{0x000000008a786d70}> (0x000000008a786d70) 
thrown [s\src\hotspot\share\runtime\sharedRuntime.cpp, line 625]
Event: 4527.868 Thread 0x000001a994c6fb60 Exception <a 'java/lang/ArrayIndexOutOfBoundsException'{0x000000008a787348}> (0x000000008a787348) 
thrown [s\src\hotspot\share\runtime\sharedRuntime.cpp, line 625]
Event: 4528.160 Thread 0x000001a994c6fb60 Exception <a 'java/lang/NoSuchMethodError'{0x0000000088550eb8}: 'int java.lang.invoke.DelegatingMethodHandle$Holder.reinvoke_L(java.lang.Object, java.lang.Object, java.lang.Object, java.lang.Object)'> (0x0000000088550eb8) 
thrown [s\src\hotspot\share\interpreter\linkResolver.cpp, line 773]
Event: 4528.248 Thread 0x000001a994c6fb60 Exception <a 'java/io/FileNotFoundException'{0x000000008837c8e0}> (0x000000008837c8e0) 
thrown [s\src\hotspot\share\prims\jni.cpp, line 520]
Event: 4528.447 Thread 0x000001a994c6fb60 Exception <a 'java/lang/NoSuchMethodError'{0x0000000087a48b88}: static Lkatachi/spring/exercise/domain/user/model/ExtendedUser;.<clinit>()V> (0x0000000087a48b88) 
thrown [s\src\hotspot\share\prims\jni.cpp, line 1106]

ZGC Phase Switch (0 events):
No events

VM Operations (20 events):
Event: 4529.000 Executing VM operation: get/set locals
Event: 4529.000 Executing VM operation: get/set locals done
Event: 4529.001 Executing VM operation: get/set locals
Event: 4529.001 Executing VM operation: get/set locals done
Event: 4529.001 Executing VM operation: get/set locals
Event: 4529.001 Executing VM operation: get/set locals done
Event: 4529.002 Executing VM operation: get/set locals
Event: 4529.002 Executing VM operation: get/set locals done
Event: 4529.003 Executing VM operation: get/set locals
Event: 4529.003 Executing VM operation: get/set locals done
Event: 4529.003 Executing VM operation: get/set locals
Event: 4529.003 Executing VM operation: get/set locals done
Event: 4536.493 Executing VM operation: ChangeSingleStep
Event: 4536.493 Executing VM operation: ChangeSingleStep done
Event: 4536.494 Executing VM operation: ChangeSingleStep
Event: 4536.495 Executing VM operation: ChangeSingleStep done
Event: 4536.515 Executing VM operation: RedefineClasses
Event: 4536.617 Executing VM operation: RedefineClasses done
Event: 4536.622 Executing VM operation: ChangeSingleStep
Event: 4536.622 Executing VM operation: ChangeSingleStep done

Events (20 events):
Event: 4525.765 Thread 0x000001a94e1e5cd0 flushing nmethod 0x000001a94674fb10
Event: 4525.765 Thread 0x000001a94e1e5cd0 flushing nmethod 0x000001a9466b7b10
Event: 4525.765 Thread 0x000001a94e1e5cd0 flushing nmethod 0x000001a946657710
Event: 4525.765 Thread 0x000001a94e1e5cd0 flushing nmethod 0x000001a946635d10
Event: 4525.765 Thread 0x000001a94e1e5cd0 flushing nmethod 0x000001a94662aa90
Event: 4525.765 Thread 0x000001a94e1e5cd0 flushing nmethod 0x000001a946631890
Event: 4525.765 Thread 0x000001a94e1e5cd0 flushing nmethod 0x000001a946629590
Event: 4525.765 Thread 0x000001a94e1e5cd0 flushing nmethod 0x000001a9465f7790
Event: 4525.765 Thread 0x000001a94e1e5cd0 flushing nmethod 0x000001a946623010
Event: 4525.765 Thread 0x000001a94e1e5cd0 flushing nmethod 0x000001a946610d10
Event: 4525.765 Thread 0x000001a94e1e5cd0 flushing nmethod 0x000001a946604f10
Event: 4525.765 Thread 0x000001a94e1e5cd0 flushing nmethod 0x000001a9465f1490
Event: 4525.808 Thread 0x000001a994c750b0 Thread added: 0x000001a994c750b0
Event: 4525.808 Thread 0x000001a994c750b0 Thread exited: 0x000001a994c750b0
Event: 4525.808 Thread 0x000001a994c6fb60 Thread added: 0x000001a994c6fb60
Event: 4526.591 Thread 0x000001a994c715a0 Thread added: 0x000001a994c715a0
Event: 4526.630 Thread 0x000001a994c715a0 Thread exited: 0x000001a994c715a0
Event: 4528.450 Thread 0x000001a994c750b0 Thread added: 0x000001a994c750b0
Event: 4528.450 Thread 0x000001a994c70880 Thread added: 0x000001a994c70880
Event: 4528.451 Thread 0x000001a994c70f10 Thread added: 0x000001a994c70f10


Dynamic libraries:
0x00007ff6ce8d0000 - 0x00007ff6ce8de000 	C:\pleiades\2023-09\java\21\bin\javaw.exe
0x00007ffabd410000 - 0x00007ffabd627000 	C:\WINDOWS\SYSTEM32\ntdll.dll
0x00007ffabb190000 - 0x00007ffabb254000 	C:\WINDOWS\System32\KERNEL32.DLL
0x00007ffaba960000 - 0x00007ffabad0d000 	C:\WINDOWS\System32\KERNELBASE.dll
0x00007ffabaea0000 - 0x00007ffabafb1000 	C:\WINDOWS\System32\ucrtbase.dll
0x00007ffab48b0000 - 0x00007ffab48cb000 	C:\pleiades\2023-09\java\21\bin\VCRUNTIME140.dll
0x00007ffab2c80000 - 0x00007ffab2c98000 	C:\pleiades\2023-09\java\21\bin\jli.dll
0x00007ffabbae0000 - 0x00007ffabbc8e000 	C:\WINDOWS\System32\USER32.dll
0x00007ffabb0e0000 - 0x00007ffabb106000 	C:\WINDOWS\System32\win32u.dll
0x00007ffaa2cf0000 - 0x00007ffaa2f83000 	C:\WINDOWS\WinSxS\amd64_microsoft.windows.common-controls_6595b64144ccf1df_6.0.22621.3672_none_2713b9d173822955\COMCTL32.dll
0x00007ffabb140000 - 0x00007ffabb169000 	C:\WINDOWS\System32\GDI32.dll
0x00007ffabafc0000 - 0x00007ffabb0d9000 	C:\WINDOWS\System32\gdi32full.dll
0x00007ffabd320000 - 0x00007ffabd3c7000 	C:\WINDOWS\System32\msvcrt.dll
0x00007ffabae00000 - 0x00007ffabae9a000 	C:\WINDOWS\System32\msvcp_win.dll
0x00007ffabbaa0000 - 0x00007ffabbad1000 	C:\WINDOWS\System32\IMM32.DLL
0x00007ffab2f90000 - 0x00007ffab2f9c000 	C:\pleiades\2023-09\java\21\bin\vcruntime140_1.dll
0x00007ffa81320000 - 0x00007ffa813ad000 	C:\pleiades\2023-09\java\21\bin\msvcp140.dll
0x00007ffa63d70000 - 0x00007ffa64afc000 	C:\pleiades\2023-09\java\21\bin\server\jvm.dll
0x00007ffabc8f0000 - 0x00007ffabc9a2000 	C:\WINDOWS\System32\ADVAPI32.dll
0x00007ffabb980000 - 0x00007ffabba29000 	C:\WINDOWS\System32\sechost.dll
0x00007ffabb110000 - 0x00007ffabb138000 	C:\WINDOWS\System32\bcrypt.dll
0x00007ffabbc90000 - 0x00007ffabbda4000 	C:\WINDOWS\System32\RPCRT4.dll
0x00007ffabb900000 - 0x00007ffabb971000 	C:\WINDOWS\System32\WS2_32.dll
0x00007ffaba550000 - 0x00007ffaba59d000 	C:\WINDOWS\SYSTEM32\POWRPROF.dll
0x00007ffaad1f0000 - 0x00007ffaad224000 	C:\WINDOWS\SYSTEM32\WINMM.dll
0x00007ffaa7e90000 - 0x00007ffaa7e9a000 	C:\WINDOWS\SYSTEM32\VERSION.dll
0x00007ffaba430000 - 0x00007ffaba443000 	C:\WINDOWS\SYSTEM32\UMPDC.dll
0x00007ffab9740000 - 0x00007ffab9758000 	C:\WINDOWS\SYSTEM32\kernel.appcore.dll
0x00007ffab2d60000 - 0x00007ffab2d6a000 	C:\pleiades\2023-09\java\21\bin\jimage.dll
0x00007ffab7f80000 - 0x00007ffab81b2000 	C:\WINDOWS\SYSTEM32\DBGHELP.DLL
0x00007ffabc410000 - 0x00007ffabc79e000 	C:\WINDOWS\System32\combase.dll
0x00007ffabc330000 - 0x00007ffabc407000 	C:\WINDOWS\System32\OLEAUT32.dll
0x00007ffa9c9d0000 - 0x00007ffa9ca02000 	C:\WINDOWS\SYSTEM32\dbgcore.DLL
0x00007ffabad10000 - 0x00007ffabad8b000 	C:\WINDOWS\System32\bcryptPrimitives.dll
0x00007ffaa1460000 - 0x00007ffaa149c000 	C:\pleiades\2023-09\java\21\bin\jdwp.dll
0x00007ffab2d00000 - 0x00007ffab2d0e000 	C:\pleiades\2023-09\java\21\bin\instrument.dll
0x00007ffaaf750000 - 0x00007ffaaf76f000 	C:\pleiades\2023-09\java\21\bin\java.dll
0x00007ffabcab0000 - 0x00007ffabd317000 	C:\WINDOWS\System32\SHELL32.dll
0x00007ffab8660000 - 0x00007ffab8f5f000 	C:\WINDOWS\SYSTEM32\windows.storage.dll
0x00007ffab8520000 - 0x00007ffab865f000 	C:\WINDOWS\SYSTEM32\wintypes.dll
0x00007ffabbdb0000 - 0x00007ffabbea9000 	C:\WINDOWS\System32\SHCORE.dll
0x00007ffabba40000 - 0x00007ffabba9e000 	C:\WINDOWS\System32\shlwapi.dll
0x00007ffaba660000 - 0x00007ffaba687000 	C:\WINDOWS\SYSTEM32\profapi.dll
0x00007ffaac380000 - 0x00007ffaac38c000 	C:\pleiades\2023-09\java\21\bin\dt_socket.dll
0x00007ffab91c0000 - 0x00007ffab91ed000 	C:\WINDOWS\SYSTEM32\IPHLPAPI.DLL
0x00007ffab9ba0000 - 0x00007ffab9c09000 	C:\WINDOWS\system32\mswsock.dll
0x00007ffab91f0000 - 0x00007ffab92e8000 	C:\WINDOWS\SYSTEM32\DNSAPI.dll
0x00007ffabba30000 - 0x00007ffabba39000 	C:\WINDOWS\System32\NSI.dll
0x00007ffaa7dc0000 - 0x00007ffaa7dca000 	C:\Windows\System32\rasadhlp.dll
0x00007ffaac270000 - 0x00007ffaac2f3000 	C:\WINDOWS\System32\fwpuclnt.dll
0x00007ffaab280000 - 0x00007ffaab298000 	C:\pleiades\2023-09\java\21\bin\zip.dll
0x00007ffaab270000 - 0x00007ffaab280000 	C:\pleiades\2023-09\java\21\bin\net.dll
0x00007ffab05a0000 - 0x00007ffab06d6000 	C:\WINDOWS\SYSTEM32\WINHTTP.dll
0x00007ffaab240000 - 0x00007ffaab256000 	C:\pleiades\2023-09\java\21\bin\nio.dll
0x00007ffaab1f0000 - 0x00007ffaab1f9000 	C:\pleiades\2023-09\java\21\bin\management.dll
0x00007ffaab1e0000 - 0x00007ffaab1eb000 	C:\pleiades\2023-09\java\21\bin\management_ext.dll
0x00007ffabb820000 - 0x00007ffabb828000 	C:\WINDOWS\System32\PSAPI.DLL
0x00007ffa90dd0000 - 0x00007ffa90de7000 	C:\WINDOWS\system32\napinsp.dll
0x00007ffa90aa0000 - 0x00007ffa90abb000 	C:\WINDOWS\system32\pnrpnsp.dll
0x00007ffa90a80000 - 0x00007ffa90a91000 	C:\WINDOWS\System32\winrnr.dll
0x00007ffa90a50000 - 0x00007ffa90a77000 	C:\WINDOWS\system32\nlansp_c.dll
0x00007ffaa8200000 - 0x00007ffaa8215000 	C:\WINDOWS\system32\wshbth.dll
0x00007ffaab1d0000 - 0x00007ffaab1e0000 	C:\pleiades\2023-09\java\21\bin\verify.dll
0x00007ffab9ef0000 - 0x00007ffab9f0b000 	C:\WINDOWS\SYSTEM32\CRYPTSP.dll
0x00007ffab96a0000 - 0x00007ffab96d5000 	C:\WINDOWS\system32\rsaenh.dll
0x00007ffab9c40000 - 0x00007ffab9c68000 	C:\WINDOWS\SYSTEM32\USERENV.dll
0x00007ffab9ed0000 - 0x00007ffab9edc000 	C:\WINDOWS\SYSTEM32\CRYPTBASE.dll
0x00007ffaab150000 - 0x00007ffaab157000 	C:\pleiades\2023-09\java\21\bin\extnet.dll
0x00007ffaab140000 - 0x00007ffaab14e000 	C:\pleiades\2023-09\java\21\bin\sunmscapi.dll
0x00007ffaba7f0000 - 0x00007ffaba956000 	C:\WINDOWS\System32\CRYPT32.dll
0x00007ffaba000000 - 0x00007ffaba02e000 	C:\WINDOWS\SYSTEM32\ncrypt.dll
0x00007ffab9fc0000 - 0x00007ffab9ff7000 	C:\WINDOWS\SYSTEM32\NTASN1.dll
0x00007ffa86d00000 - 0x00007ffa86d08000 	C:\WINDOWS\system32\wshunix.dll

dbghelp: loaded successfully - version: 4.0.5 - missing functions: none
symbol engine: initialized successfully - sym options: 0x614 - pdb path: .;C:\pleiades\2023-09\java\21\bin;C:\WINDOWS\SYSTEM32;C:\WINDOWS\WinSxS\amd64_microsoft.windows.common-controls_6595b64144ccf1df_6.0.22621.3672_none_2713b9d173822955;C:\pleiades\2023-09\java\21\bin\server

VM Arguments:
jvm_args: -XX:+ShowCodeDetailsInExceptionMessages -agentlib:jdwp=transport=dt_socket,suspend=y,address=localhost:55277 -Dcom.sun.management.jmxremote -Dcom.sun.management.jmxremote.port=55276 -Dcom.sun.management.jmxremote.authenticate=false -Dcom.sun.management.jmxremote.ssl=false -Djava.rmi.server.hostname=localhost -Dspring.jmx.enabled=true -Dmanagement.endpoints.jmx.exposure.include=* -Dspring.application.admin.enabled=true -XX:TieredStopAtLevel=1 -Dspring.boot.project.name=task-manager-app -javaagent:C:\pleiades\2023-09\eclipse\configuration\org.eclipse.osgi\302\0\.cp\lib\javaagent-shaded.jar -Dfile.encoding=UTF-8 -Dstdout.encoding=UTF-8 -Dstderr.encoding=UTF-8 
java_command: katachi.spring.exercise.SpringTodoListApplication --spring.output.ansi.enabled=always
java_class_path (initial): C:\pleiades\2023-09\workspace\task-manager-app\target\classes;C:\Users\user\.m2\repository\mysql\mysql-connector-java\8.0.20\mysql-connector-java-8.0.20.jar;C:\Users\user\.m2\repository\com\google\protobuf\protobuf-java\3.6.1\protobuf-java-3.6.1.jar;C:\Users\user\.m2\repository\org\springframework\boot\spring-boot-starter-data-jdbc\3.1.7\spring-boot-starter-data-jdbc-3.1.7.jar;C:\Users\user\.m2\repository\org\springframework\data\spring-data-jdbc\3.1.7\spring-data-jdbc-3.1.7.jar;C:\Users\user\.m2\repository\org\springframework\data\spring-data-relational\3.1.7\spring-data-relational-3.1.7.jar;C:\Users\user\.m2\repository\org\springframework\data\spring-data-commons\3.1.7\spring-data-commons-3.1.7.jar;C:\Users\user\.m2\repository\org\springframework\spring-tx\6.0.15\spring-tx-6.0.15.jar;C:\Users\user\.m2\repository\org\springframework\spring-context\6.0.15\spring-context-6.0.15.jar;C:\Users\user\.m2\repository\org\springframework\boot\spring-boot-starter-jdbc\3.1.7\spring-boot-starter-jdbc-3.1.7.jar;C:\Users\user\.m2\repository\org\springframework\boot\spring-boot-starter\3.1.7\spring-boot-starter-3.1.7.jar;C:\Users\user\.m2\repository\org\springframework\boot\spring-boot-starter-logging\3.1.7\spring-boot-starter-logging-3.1.7.jar;C:\Users\user\.m2\repository\ch\qos\logback\logback-classic\1.4.14\logback-classic-1.4.14.jar;C:\Users\user\.m2\repository\ch\qos\logback\logback-core\1.4.14\logback-core-1.4.14.jar;C:\Users\user\.m2\repository\org\apache\logging\log4j\log4j-to-slf4j\2.20.0\log4j-to-slf4j-2.20.0.jar;C:\Users\user\.m2\repository\org\apache\logging\log4j\log4j-api\2.20.0\log4j-api-2.20.0.jar;C:\Users\user\.m2\repository\org\slf4j\jul-to-slf4j\2.0.9\jul-to-slf4j-2.0.9.jar;C:\Users\user\.m2\repository\jakarta\annotation\jakarta.annotation-api\2.1.1\jakarta.annotation-api-2.1.1.jar;C:\Users\user\.m2\repository\org\yaml\snakeyaml\1.33\snakeyaml-1.33.jar;C:\Users\user\.m2\repository\com\zaxxer\HikariCP\5.0.1\HikariCP-5.0.1.jar;C:\Users\user\.m2\repository\org\springframework\spring-jdbc\6.0.15\spring-jdbc-6.0.15.jar;C:\Users\user\.m2\repository\org\springframework\boot\spring-boot-starter-thymeleaf\3.1.7\spring-boot-starter-thymeleaf-3.1.7.jar;C:\Users\user\.m2\repository\org\thymeleaf\thymeleaf-spring6\3.1.2.RELEASE\thymeleaf-spring6-3.1.2.RELEASE.jar;C:\Users\user\.m2\repository\org\springframework\boot\spring-boot-starter-web\3.1.7\spring-boot-starter-web-3.1.7.jar;C:\Users\user\.m2\repository\org\springframework\boot\spring-boot-starter-json\3.1.7\spring-boot-starter-json-3.1.7.jar;C:\Users\user\.m2\repository\com\fasterxml\jackson\datatype\jackson-datatype-jdk8\2.15.3\jackson-datatype-jdk8-2.15.3.jar;C:\Users\user\.m2\repository\com\fasterxml\jackson\datatype\jackson-datatype-jsr310\2.15.3\jackson-datatype-jsr310-2.15.3.jar;C:\Users\user\.m2\repository\com\fasterxml\jackson\module\jackson-module-parameter-names\2.15.3\jackson-module-parameter-names-2.15.3.jar;C:\Users\user\.m2\repository\org\springframework\boot\spring-boot-starter-tomcat\3.1.7\spring-boot-starter-tomcat-3.1.7.jar;C:\Users\user\.m2\repository\org\apache\tomcat\embed\tomcat-embed-core\10.1.17\tomcat-embed-core-10.1.17.jar;C:\Users\user\.m2\repository\org\apache\tomcat\embed\tomcat-embed-websocket\10.1.17\tomcat-embed-websocket-10.1.17.jar;C:\Users\user\.m2\repository\org\springframework\spring-web\6.0.15\spring-web-6.0.15.jar;C:\Users\user\.m2\repository\io\micrometer\micrometer-observation\1.11.7\micrometer-observation-1.11.7.jar;C:\Users\user\.m2\repository\io\micrometer\micrometer-commons\1.11.7\micrometer-commons-1.11.7.jar;C:\Users\user\.m2\repository\org\springframework\spring-webmvc\6.0.15\spring-webmvc-6.0.15.jar;C:\Users\user\.m2\repository\org\springframework\spring-expression\6.0.15\spring-expression-6.0.15.jar;C:\Users\user\.m2\repository\org\springframework\boot\spring-boot-devtools\3.1.7\spring-boot-devtools-3.1.7.jar;C:\Users\user\.m2\repository\org\springframework\boot\spring-boot\3.1.7\spring-boot-3.1.7.jar;C:\Users\user\.m2\repository\org\springframework\boot\spring-boot-autoconfigure\3.1.7\spring-boot-autoconfigure-3.1.7.jar;C:\Users\user\.m2\repository\org\projectlombok\lombok\1.18.30\lombok-1.18.30.jar;C:\Users\user\.m2\repository\org\springframework\spring-core\6.0.15\spring-core-6.0.15.jar;C:\Users\user\.m2\repository\org\springframework\spring-jcl\6.0.15\spring-jcl-6.0.15.jar;C:\Users\user\.m2\repository\org\webjars\bootstrap\5.3.2\bootstrap-5.3.2.jar;C:\Users\user\.m2\repository\org\webjars\webjars-locator\0.47\webjars-locator-0.47.jar;C:\Users\user\.m2\repository\org\webjars\webjars-locator-core\0.52\webjars-locator-core-0.52.jar;C:\Users\user\.m2\repository\io\github\classgraph\classgraph\4.8.147\classgraph-4.8.147.jar;C:\Users\user\.m2\repository\com\fasterxml\jackson\core\jackson-core\2.15.3\jackson-core-2.15.3.jar;C:\Users\user\.m2\repository\com\fasterxml\jackson\core\jackson-databind\2.15.3\jackson-databind-2.15.3.jar;C:\Users\user\.m2\repository\com\fasterxml\jackson\core\jackson-annotations\2.15.3\jackson-annotations-2.15.3.jar;C:\Users\user\.m2\repository\org\apache\commons\commons-text\1.10.0\commons-text-1.10.0.jar;C:\Users\user\.m2\repository\org\apache\commons\commons-lang3\3.12.0\commons-lang3-3.12.0.jar;C:\Users\user\.m2\repository\com\github\spullara\mustache\java\compiler\0.9.10\compiler-0.9.10.jar;C:\Users\user\.m2\repository\org\springframework\boot\spring-boot-starter-validation\3.1.7\spring-boot-starter-validation-3.1.7.jar;C:\Users\user\.m2\repository\org\apache\tomcat\embed\tomcat-embed-el\10.1.17\tomcat-embed-el-10.1.17.jar;C:\Users\user\.m2\repository\org\hibernate\validator\hibernate-validator\8.0.1.Final\hibernate-validator-8.0.1.Final.jar;C:\Users\user\.m2\repository\jakarta\validation\jakarta.validation-api\3.0.2\jakarta.validation-api-3.0.2.jar;C:\Users\user\.m2\repository\org\jboss\logging\jboss-logging\3.5.3.Final\jboss-logging-3.5.3.Final.jar;C:\Users\user\.m2\repository\com\fasterxml\classmate\1.5.1\classmate-1.5.1.jar;C:\Users\user\.m2\repository\nz\net\ultraq\thymeleaf\thymeleaf-layout-dialect\3.2.1\thymeleaf-layout-dialect-3.2.1.jar;C:\Users\user\.m2\repository\org\apache\groovy\groovy\4.0.16\groovy-4.0.16.jar;C:\Users\user\.m2\repository\nz\net\ultraq\groovy\groovy-extensions\2.1.0\groovy-extensions-2.1.0.jar;C:\Users\user\.m2\repository\nz\net\ultraq\thymeleaf\thymeleaf-expression-processor\3.1.1\thymeleaf-expression-processor-3.1.1.jar;C:\Users\user\.m2\repository\org\thymeleaf\thymeleaf\3.1.2.RELEASE\thymeleaf-3.1.2.RELEASE.jar;C:\Users\user\.m2\repository\ognl\ognl\3.3.4\ognl-3.3.4.jar;C:\Users\user\.m2\repository\org\javassist\javassist\3.29.0-GA\javassist-3.29.0-GA.jar;C:\Users\user\.m2\repository\org\attoparser\attoparser\2.0.7.RELEASE\attoparser-2.0.7.RELEASE.jar;C:\Users\user\.m2\repository\org\unbescape\unbescape\1.1.6.RELEASE\unbescape-1.1.6.RELEASE.jar;C:\Users\user\.m2\repository\org\slf4j\slf4j-api\2.0.9\slf4j-api-2.0.9.jar;C:\Users\user\.m2\repository\org\mybatis\spring\boot\mybatis-spring-boot-starter\3.0.2\mybatis-spring-boot-starter-3.0.2.jar;C:\Users\user\.m2\repository\org\mybatis\spring\boot\mybatis-spring-boot-autoconfigure\3.0.2\mybatis-spring-boot-autoconfigure-3.0.2.jar;C:\Users\user\.m2\repository\org\mybatis\mybatis\3.5.13\mybatis-3.5.13.jar;C:\Users\user\.m2\repository\org\mybatis\mybatis-spring\3.0.2\mybatis-spring-3.0.2.jar;C:\Users\user\.m2\repository\org\modelmapper\extensions\modelmapper-spring\3.1.1\modelmapper-spring-3.1.1.jar;C:\Users\user\.m2\repository\org\modelmapper\modelmapper\3.1.1\modelmapper-3.1.1.jar;C:\Users\user\.m2\repository\org\springframework\spring-aop\6.0.15\spring-aop-6.0.15.jar;C:\Users\user\.m2\repository\org\springframework\spring-beans\6.0.15\spring-beans-6.0.15.jar;C:\Users\user\.m2\repository\org\aspectj\aspectjweaver\1.9.21\aspectjweaver-1.9.21.jar;C:\Users\user\.m2\repository\org\springframework\boot\spring-boot-starter-security\3.1.7\spring-boot-starter-security-3.1.7.jar;C:\Users\user\.m2\repository\org\springframework\security\spring-security-config\6.1.6\spring-security-config-6.1.6.jar;C:\Users\user\.m2\repository\org\springframework\security\spring-security-core\6.1.6\spring-security-core-6.1.6.jar;C:\Users\user\.m2\repository\org\springframework\security\spring-security-crypto\6.1.6\spring-security-crypto-6.1.6.jar;C:\Users\user\.m2\repository\org\springframework\security\spring-security-web\6.1.6\spring-security-web-6.1.6.jar;C:\Users\user\.m2\repository\org\thymeleaf\extras\thymeleaf-extras-springsecurity6\3.1.2.RELEASE\thymeleaf-extras-springsecurity6-3.1.2.RELEASE.jar
Launcher Type: SUN_STANDARD

[Global flags]
     intx CICompilerCount                          = 4                                         {product} {ergonomic}
     uint ConcGCThreads                            = 2                                         {product} {ergonomic}
     uint G1ConcRefinementThreads                  = 8                                         {product} {ergonomic}
   size_t G1HeapRegionSize                         = 1048576                                   {product} {ergonomic}
    uintx GCDrainStackTargetSize                   = 64                                        {product} {ergonomic}
   size_t InitialHeapSize                          = 130023424                                 {product} {ergonomic}
     bool ManagementServer                         = true                                      {product} {command line}
   size_t MarkStackSize                            = 4194304                                   {product} {ergonomic}
   size_t MaxHeapSize                              = 2076180480                                {product} {ergonomic}
   size_t MaxNewSize                               = 1245708288                                {product} {ergonomic}
   size_t MinHeapDeltaBytes                        = 1048576                                   {product} {ergonomic}
   size_t MinHeapSize                              = 8388608                                   {product} {ergonomic}
    uintx NonNMethodCodeHeapSize                   = 4096                                   {pd product} {ergonomic}
    uintx NonProfiledCodeHeapSize                  = 0                                      {pd product} {ergonomic}
     bool ProfileInterpreter                       = false                                  {pd product} {command line}
    uintx ProfiledCodeHeapSize                     = 0                                      {pd product} {ergonomic}
     bool ShowCodeDetailsInExceptionMessages       = true                                   {manageable} {command line}
   size_t SoftMaxHeapSize                          = 2076180480                             {manageable} {ergonomic}
     intx TieredStopAtLevel                        = 1                                         {product} {command line}
     bool UseCompressedOops                        = true                           {product lp64_product} {ergonomic}
     bool UseG1GC                                  = true                                      {product} {ergonomic}
     bool UseLargePagesIndividualAllocation        = false                                  {pd product} {ergonomic}

Logging:
Log output configuration:
 #0: stdout all=warning uptime,level,tags foldmultilines=false
 #1: stderr all=off uptime,level,tags foldmultilines=false

Environment Variables:
CLASSPATH=C:\pleiades\2023-09\tomcat\9\lib\mysql-connector-j-8.2.0.jar
PATH=C:/pleiades/2023-09/eclipse//plugins/org.eclipse.justj.openjdk.hotspot.jre.full.win32.x86_64_17.0.9.v20231028-0858/jre/bin/server;C:/pleiades/2023-09/eclipse//plugins/org.eclipse.justj.openjdk.hotspot.jre.full.win32.x86_64_17.0.9.v20231028-0858/jre/bin;C:\Program Files\Eclipse Adoptium\jdk-21.0.1.12-hotspot\bin;C:\WINDOWS\system32;C:\WINDOWS;C:\WINDOWS\System32\Wbem;C:\WINDOWS\System32\WindowsPowerShell\v1.0\;C:\WINDOWS\System32\OpenSSH\;C:\Program Files\Git\cmd;C:\Program Files\TortoiseGit\bin;C:\Program Files\Docker\Docker\resources\bin;C:\Program Files\Git LFS;C:\Program Files\MySQL\MySQL Server 8.0\bin\;C:\Users\user\AppData\Local\Microsoft\WindowsApps;;C:\Users\user\AppData\Local\Programs\Microsoft VS Code\bin;C:\pleiades\2023-09\eclipse;
USERNAME=user
OS=Windows_NT
PROCESSOR_IDENTIFIER=Intel64 Family 6 Model 140 Stepping 1, GenuineIntel
TMP=C:\Users\user\AppData\Local\Temp
TEMP=C:\Users\user\AppData\Local\Temp




---------------  S Y S T E M  ---------------

OS:
 Windows 11 , 64 bit Build 22621 (10.0.22621.3958)
OS uptime: 13 days 2:52 hours
Hyper-V role detected

CPU: total 8 (initial active 8) (4 cores per cpu, 2 threads per core) family 6 model 140 stepping 1 microcode 0xb4, cx8, cmov, fxsr, ht, mmx, 3dnowpref, sse, sse2, sse3, ssse3, sse4.1, sse4.2, popcnt, lzcnt, tsc, tscinvbit, avx, avx2, aes, erms, clmul, bmi1, bmi2, adx, avx512f, avx512dq, avx512cd, avx512bw, avx512vl, sha, fma, vzeroupper, avx512_vpopcntdq, avx512_vpclmulqdq, avx512_vaes, avx512_vnni, clflush, clflushopt, clwb, avx512_vbmi2, avx512_vbmi, hv, rdtscp, rdpid, fsrm, gfni, avx512_bitalg, f16c, cet_ibt, cet_ss, avx512_ifma
Processor Information for all 8 processors :
  Max Mhz: 2419, Current Mhz: 2419, Mhz Limit: 2419

Memory: 4k page, system-wide physical 7914M (230M free)
TotalPageFile size 18423M (AvailPageFile size 3064M)
current process WorkingSet (physical memory assigned to process): 276M, peak: 305M
current process commit charge ("private bytes"): 347M, peak: 361M

vm_info: OpenJDK 64-Bit Server VM (21-beta+35-ea) for windows-amd64 JRE (21-beta+35-ea), built on 2023-09-04 21:31:52 by "admin" with MS VC++ 16.10 / 16.11 (VS2019)

END.
